STAR version=2.7.3a
STAR compilation time,server,dir=Tue Oct 8 14:26:19 EDT 2019 vega:/home/dobin/data/STAR/STARcode/STAR.master/source
##### Command Line:
/usr/local/bin/STAR --outFileNamePrefix grcz11. --runThreadN 4 --runMode genomeGenerate --genomeDir grcz11 --genomeFastaFiles Danio_rerio.GRCz11.dna_sm.primary_assembly.fa --sjdbGTFfile Danio_rerio.GRCz11.105.gtf --sjdbOverhang 149
##### Initial USER parameters from Command Line:
outFileNamePrefix                 grcz11.
###### All USER parameters from Command Line:
outFileNamePrefix             grcz11.     ~RE-DEFINED
runThreadN                    4     ~RE-DEFINED
runMode                       genomeGenerate     ~RE-DEFINED
genomeDir                     grcz11     ~RE-DEFINED
genomeFastaFiles              Danio_rerio.GRCz11.dna_sm.primary_assembly.fa        ~RE-DEFINED
sjdbGTFfile                   Danio_rerio.GRCz11.105.gtf     ~RE-DEFINED
sjdbOverhang                  149     ~RE-DEFINED
##### Finished reading parameters from all sources

##### Final user re-defined parameters-----------------:
runMode                           genomeGenerate
runThreadN                        4
genomeDir                         grcz11
genomeFastaFiles                  Danio_rerio.GRCz11.dna_sm.primary_assembly.fa   
outFileNamePrefix                 grcz11.
sjdbGTFfile                       Danio_rerio.GRCz11.105.gtf
sjdbOverhang                      149

-------------------------------
##### Final effective command line:
/usr/local/bin/STAR   --runMode genomeGenerate   --runThreadN 4   --genomeDir grcz11   --genomeFastaFiles Danio_rerio.GRCz11.dna_sm.primary_assembly.fa      --outFileNamePrefix grcz11.   --sjdbGTFfile Danio_rerio.GRCz11.105.gtf   --sjdbOverhang 149
----------------------------------------

Finished loading and checking parameters
Jan 18 15:29:52 ... starting to generate Genome files
Danio_rerio.GRCz11.dna_sm.primary_assembly.fa : chr # 0  "1" chrStart: 0
Danio_rerio.GRCz11.dna_sm.primary_assembly.fa : chr # 1  "10" chrStart: 59768832
Danio_rerio.GRCz11.dna_sm.primary_assembly.fa : chr # 2  "11" chrStart: 105381888
Danio_rerio.GRCz11.dna_sm.primary_assembly.fa : chr # 3  "12" chrStart: 150994944
Danio_rerio.GRCz11.dna_sm.primary_assembly.fa : chr # 4  "13" chrStart: 200278016
Danio_rerio.GRCz11.dna_sm.primary_assembly.fa : chr # 5  "14" chrStart: 252706816
Danio_rerio.GRCz11.dna_sm.primary_assembly.fa : chr # 6  "15" chrStart: 305397760
Danio_rerio.GRCz11.dna_sm.primary_assembly.fa : chr # 7  "16" chrStart: 353632256
Danio_rerio.GRCz11.dna_sm.primary_assembly.fa : chr # 8  "17" chrStart: 408944640
Danio_rerio.GRCz11.dna_sm.primary_assembly.fa : chr # 9  "18" chrStart: 462422016
Danio_rerio.GRCz11.dna_sm.primary_assembly.fa : chr # 10  "19" chrStart: 513540096
Danio_rerio.GRCz11.dna_sm.primary_assembly.fa : chr # 11  "2" chrStart: 562036736
Danio_rerio.GRCz11.dna_sm.primary_assembly.fa : chr # 12  "20" chrStart: 621805568
Danio_rerio.GRCz11.dna_sm.primary_assembly.fa : chr # 13  "21" chrStart: 677117952
Danio_rerio.GRCz11.dna_sm.primary_assembly.fa : chr # 14  "22" chrStart: 723255296
Danio_rerio.GRCz11.dna_sm.primary_assembly.fa : chr # 15  "23" chrStart: 762576896
Danio_rerio.GRCz11.dna_sm.primary_assembly.fa : chr # 16  "24" chrStart: 808976384
Danio_rerio.GRCz11.dna_sm.primary_assembly.fa : chr # 17  "25" chrStart: 851181568
Danio_rerio.GRCz11.dna_sm.primary_assembly.fa : chr # 18  "3" chrStart: 888930304
Danio_rerio.GRCz11.dna_sm.primary_assembly.fa : chr # 19  "4" chrStart: 951582720
Danio_rerio.GRCz11.dna_sm.primary_assembly.fa : chr # 20  "5" chrStart: 1029701632
Danio_rerio.GRCz11.dna_sm.primary_assembly.fa : chr # 21  "6" chrStart: 1102315520
Danio_rerio.GRCz11.dna_sm.primary_assembly.fa : chr # 22  "7" chrStart: 1162608640
Danio_rerio.GRCz11.dna_sm.primary_assembly.fa : chr # 23  "8" chrStart: 1237057536
Danio_rerio.GRCz11.dna_sm.primary_assembly.fa : chr # 24  "9" chrStart: 1291583488
Danio_rerio.GRCz11.dna_sm.primary_assembly.fa : chr # 25  "MT" chrStart: 1348206592
Danio_rerio.GRCz11.dna_sm.primary_assembly.fa : chr # 26  "KN149696.2" chrStart: 1348468736
Danio_rerio.GRCz11.dna_sm.primary_assembly.fa : chr # 27  "KN147651.2" chrStart: 1348993024
Danio_rerio.GRCz11.dna_sm.primary_assembly.fa : chr # 28  "KN149690.1" chrStart: 1349517312
Danio_rerio.GRCz11.dna_sm.primary_assembly.fa : chr # 29  "KN149686.1" chrStart: 1350041600
Danio_rerio.GRCz11.dna_sm.primary_assembly.fa : chr # 30  "KN147652.2" chrStart: 1350303744
Danio_rerio.GRCz11.dna_sm.primary_assembly.fa : chr # 31  "KN149688.2" chrStart: 1350565888
Danio_rerio.GRCz11.dna_sm.primary_assembly.fa : chr # 32  "KN149691.1" chrStart: 1350828032
Danio_rerio.GRCz11.dna_sm.primary_assembly.fa : chr # 33  "KN147642.2" chrStart: 1351090176
Danio_rerio.GRCz11.dna_sm.primary_assembly.fa : chr # 34  "KN147636.1" chrStart: 1351352320
Danio_rerio.GRCz11.dna_sm.primary_assembly.fa : chr # 35  "KN149689.2" chrStart: 1351614464
Danio_rerio.GRCz11.dna_sm.primary_assembly.fa : chr # 36  "KN149695.1" chrStart: 1351876608
Danio_rerio.GRCz11.dna_sm.primary_assembly.fa : chr # 37  "KN150691.1" chrStart: 1352138752
Danio_rerio.GRCz11.dna_sm.primary_assembly.fa : chr # 38  "KN147632.2" chrStart: 1352400896
Danio_rerio.GRCz11.dna_sm.primary_assembly.fa : chr # 39  "KN147637.2" chrStart: 1352663040
Danio_rerio.GRCz11.dna_sm.primary_assembly.fa : chr # 40  "KN149687.1" chrStart: 1352925184
Danio_rerio.GRCz11.dna_sm.primary_assembly.fa : chr # 41  "KN149685.1" chrStart: 1353187328
Danio_rerio.GRCz11.dna_sm.primary_assembly.fa : chr # 42  "KN150214.1" chrStart: 1353449472
Danio_rerio.GRCz11.dna_sm.primary_assembly.fa : chr # 43  "KN149694.1" chrStart: 1353711616
Danio_rerio.GRCz11.dna_sm.primary_assembly.fa : chr # 44  "KZ116066.1" chrStart: 1353973760
Danio_rerio.GRCz11.dna_sm.primary_assembly.fa : chr # 45  "KZ116067.1" chrStart: 1354235904
Danio_rerio.GRCz11.dna_sm.primary_assembly.fa : chr # 46  "KN149684.1" chrStart: 1354498048
Danio_rerio.GRCz11.dna_sm.primary_assembly.fa : chr # 47  "KZ116064.1" chrStart: 1354760192
Danio_rerio.GRCz11.dna_sm.primary_assembly.fa : chr # 48  "KN149683.1" chrStart: 1355022336
Danio_rerio.GRCz11.dna_sm.primary_assembly.fa : chr # 49  "KN150230.1" chrStart: 1355284480
Danio_rerio.GRCz11.dna_sm.primary_assembly.fa : chr # 50  "KN150608.1" chrStart: 1355546624
Danio_rerio.GRCz11.dna_sm.primary_assembly.fa : chr # 51  "KN150171.1" chrStart: 1355808768
Danio_rerio.GRCz11.dna_sm.primary_assembly.fa : chr # 52  "KN149682.1" chrStart: 1356070912
Danio_rerio.GRCz11.dna_sm.primary_assembly.fa : chr # 53  "KN149847.1" chrStart: 1356333056
Danio_rerio.GRCz11.dna_sm.primary_assembly.fa : chr # 54  "KN150048.1" chrStart: 1356595200
Danio_rerio.GRCz11.dna_sm.primary_assembly.fa : chr # 55  "KN150487.1" chrStart: 1356857344
Danio_rerio.GRCz11.dna_sm.primary_assembly.fa : chr # 56  "KN149948.1" chrStart: 1357119488
Danio_rerio.GRCz11.dna_sm.primary_assembly.fa : chr # 57  "KN149790.1" chrStart: 1357381632
Danio_rerio.GRCz11.dna_sm.primary_assembly.fa : chr # 58  "KN149778.1" chrStart: 1357643776
Danio_rerio.GRCz11.dna_sm.primary_assembly.fa : chr # 59  "KN150375.1" chrStart: 1357905920
Danio_rerio.GRCz11.dna_sm.primary_assembly.fa : chr # 60  "KN150222.1" chrStart: 1358168064
Danio_rerio.GRCz11.dna_sm.primary_assembly.fa : chr # 61  "KN150425.1" chrStart: 1358430208
Danio_rerio.GRCz11.dna_sm.primary_assembly.fa : chr # 62  "KN150326.1" chrStart: 1358692352
Danio_rerio.GRCz11.dna_sm.primary_assembly.fa : chr # 63  "KN149698.1" chrStart: 1358954496
Danio_rerio.GRCz11.dna_sm.primary_assembly.fa : chr # 64  "KN150568.1" chrStart: 1359216640
Danio_rerio.GRCz11.dna_sm.primary_assembly.fa : chr # 65  "KN150158.1" chrStart: 1359478784
Danio_rerio.GRCz11.dna_sm.primary_assembly.fa : chr # 66  "KN150021.1" chrStart: 1359740928
Danio_rerio.GRCz11.dna_sm.primary_assembly.fa : chr # 67  "KN150578.1" chrStart: 1360003072
Danio_rerio.GRCz11.dna_sm.primary_assembly.fa : chr # 68  "KN150520.1" chrStart: 1360265216
Danio_rerio.GRCz11.dna_sm.primary_assembly.fa : chr # 69  "KN150605.1" chrStart: 1360527360
Danio_rerio.GRCz11.dna_sm.primary_assembly.fa : chr # 70  "KN149797.1" chrStart: 1360789504
Danio_rerio.GRCz11.dna_sm.primary_assembly.fa : chr # 71  "KN149702.1" chrStart: 1361051648
Danio_rerio.GRCz11.dna_sm.primary_assembly.fa : chr # 72  "KN150603.1" chrStart: 1361313792
Danio_rerio.GRCz11.dna_sm.primary_assembly.fa : chr # 73  "KN149748.1" chrStart: 1361575936
Danio_rerio.GRCz11.dna_sm.primary_assembly.fa : chr # 74  "KN149984.1" chrStart: 1361838080
Danio_rerio.GRCz11.dna_sm.primary_assembly.fa : chr # 75  "KN150258.1" chrStart: 1362100224
Danio_rerio.GRCz11.dna_sm.primary_assembly.fa : chr # 76  "KN150204.1" chrStart: 1362362368
Danio_rerio.GRCz11.dna_sm.primary_assembly.fa : chr # 77  "KN149895.1" chrStart: 1362624512
Danio_rerio.GRCz11.dna_sm.primary_assembly.fa : chr # 78  "KN150432.1" chrStart: 1362886656
Danio_rerio.GRCz11.dna_sm.primary_assembly.fa : chr # 79  "KN149826.1" chrStart: 1363148800
Danio_rerio.GRCz11.dna_sm.primary_assembly.fa : chr # 80  "KN150617.1" chrStart: 1363410944
Danio_rerio.GRCz11.dna_sm.primary_assembly.fa : chr # 81  "KN150431.1" chrStart: 1363673088
Danio_rerio.GRCz11.dna_sm.primary_assembly.fa : chr # 82  "KN149932.1" chrStart: 1363935232
Danio_rerio.GRCz11.dna_sm.primary_assembly.fa : chr # 83  "KN149904.1" chrStart: 1364197376
Danio_rerio.GRCz11.dna_sm.primary_assembly.fa : chr # 84  "KN150196.1" chrStart: 1364459520
Danio_rerio.GRCz11.dna_sm.primary_assembly.fa : chr # 85  "KN150616.1" chrStart: 1364721664
Danio_rerio.GRCz11.dna_sm.primary_assembly.fa : chr # 86  "KN150663.1" chrStart: 1364983808
Danio_rerio.GRCz11.dna_sm.primary_assembly.fa : chr # 87  "KN150630.1" chrStart: 1365245952
Danio_rerio.GRCz11.dna_sm.primary_assembly.fa : chr # 88  "KN150125.1" chrStart: 1365508096
Danio_rerio.GRCz11.dna_sm.primary_assembly.fa : chr # 89  "KN149968.1" chrStart: 1365770240
Danio_rerio.GRCz11.dna_sm.primary_assembly.fa : chr # 90  "KN150342.1" chrStart: 1366032384
Danio_rerio.GRCz11.dna_sm.primary_assembly.fa : chr # 91  "KN150529.1" chrStart: 1366294528
Danio_rerio.GRCz11.dna_sm.primary_assembly.fa : chr # 92  "KN150649.1" chrStart: 1366556672
Danio_rerio.GRCz11.dna_sm.primary_assembly.fa : chr # 93  "KN150060.1" chrStart: 1366818816
Danio_rerio.GRCz11.dna_sm.primary_assembly.fa : chr # 94  "KN150646.1" chrStart: 1367080960
Danio_rerio.GRCz11.dna_sm.primary_assembly.fa : chr # 95  "KN150670.1" chrStart: 1367343104
Danio_rerio.GRCz11.dna_sm.primary_assembly.fa : chr # 96  "KN149912.1" chrStart: 1367605248
Danio_rerio.GRCz11.dna_sm.primary_assembly.fa : chr # 97  "KN150267.1" chrStart: 1367867392
Danio_rerio.GRCz11.dna_sm.primary_assembly.fa : chr # 98  "KN150405.1" chrStart: 1368129536
Danio_rerio.GRCz11.dna_sm.primary_assembly.fa : chr # 99  "KN150471.1" chrStart: 1368391680
Danio_rerio.GRCz11.dna_sm.primary_assembly.fa : chr # 100  "KN149939.1" chrStart: 1368653824
Danio_rerio.GRCz11.dna_sm.primary_assembly.fa : chr # 101  "KN150022.1" chrStart: 1368915968
Danio_rerio.GRCz11.dna_sm.primary_assembly.fa : chr # 102  "KN149998.1" chrStart: 1369178112
Danio_rerio.GRCz11.dna_sm.primary_assembly.fa : chr # 103  "KN149714.1" chrStart: 1369440256
Danio_rerio.GRCz11.dna_sm.primary_assembly.fa : chr # 104  "KN150552.1" chrStart: 1369702400
Danio_rerio.GRCz11.dna_sm.primary_assembly.fa : chr # 105  "KN149784.1" chrStart: 1369964544
Danio_rerio.GRCz11.dna_sm.primary_assembly.fa : chr # 106  "KN150455.1" chrStart: 1370226688
Danio_rerio.GRCz11.dna_sm.primary_assembly.fa : chr # 107  "KN150700.2" chrStart: 1370488832
Danio_rerio.GRCz11.dna_sm.primary_assembly.fa : chr # 108  "KN150038.1" chrStart: 1370750976
Danio_rerio.GRCz11.dna_sm.primary_assembly.fa : chr # 109  "KN150131.1" chrStart: 1371013120
Danio_rerio.GRCz11.dna_sm.primary_assembly.fa : chr # 110  "KN149725.1" chrStart: 1371275264
Danio_rerio.GRCz11.dna_sm.primary_assembly.fa : chr # 111  "KN150000.1" chrStart: 1371537408
Danio_rerio.GRCz11.dna_sm.primary_assembly.fa : chr # 112  "KN150176.1" chrStart: 1371799552
Danio_rerio.GRCz11.dna_sm.primary_assembly.fa : chr # 113  "KN150098.1" chrStart: 1372061696
Danio_rerio.GRCz11.dna_sm.primary_assembly.fa : chr # 114  "KN150122.1" chrStart: 1372323840
Danio_rerio.GRCz11.dna_sm.primary_assembly.fa : chr # 115  "KN150677.1" chrStart: 1372585984
Danio_rerio.GRCz11.dna_sm.primary_assembly.fa : chr # 116  "KN150041.2" chrStart: 1372848128
Danio_rerio.GRCz11.dna_sm.primary_assembly.fa : chr # 117  "KN150709.1" chrStart: 1373110272
Danio_rerio.GRCz11.dna_sm.primary_assembly.fa : chr # 118  "KN149718.1" chrStart: 1373372416
Danio_rerio.GRCz11.dna_sm.primary_assembly.fa : chr # 119  "KN149880.1" chrStart: 1373634560
Danio_rerio.GRCz11.dna_sm.primary_assembly.fa : chr # 120  "KN149949.1" chrStart: 1373896704
Danio_rerio.GRCz11.dna_sm.primary_assembly.fa : chr # 121  "KN150666.1" chrStart: 1374158848
Danio_rerio.GRCz11.dna_sm.primary_assembly.fa : chr # 122  "KN150068.1" chrStart: 1374420992
Danio_rerio.GRCz11.dna_sm.primary_assembly.fa : chr # 123  "KN150449.1" chrStart: 1374683136
Danio_rerio.GRCz11.dna_sm.primary_assembly.fa : chr # 124  "KN150477.1" chrStart: 1374945280
Danio_rerio.GRCz11.dna_sm.primary_assembly.fa : chr # 125  "KN150031.1" chrStart: 1375207424
Danio_rerio.GRCz11.dna_sm.primary_assembly.fa : chr # 126  "KN150596.1" chrStart: 1375469568
Danio_rerio.GRCz11.dna_sm.primary_assembly.fa : chr # 127  "KN150241.1" chrStart: 1375731712
Danio_rerio.GRCz11.dna_sm.primary_assembly.fa : chr # 128  "KN149959.1" chrStart: 1375993856
Danio_rerio.GRCz11.dna_sm.primary_assembly.fa : chr # 129  "KN150476.1" chrStart: 1376256000
Danio_rerio.GRCz11.dna_sm.primary_assembly.fa : chr # 130  "KN149813.1" chrStart: 1376518144
Danio_rerio.GRCz11.dna_sm.primary_assembly.fa : chr # 131  "KN150105.1" chrStart: 1376780288
Danio_rerio.GRCz11.dna_sm.primary_assembly.fa : chr # 132  "KN149992.1" chrStart: 1377042432
Danio_rerio.GRCz11.dna_sm.primary_assembly.fa : chr # 133  "KN149990.1" chrStart: 1377304576
Danio_rerio.GRCz11.dna_sm.primary_assembly.fa : chr # 134  "KN150030.1" chrStart: 1377566720
Danio_rerio.GRCz11.dna_sm.primary_assembly.fa : chr # 135  "KN150106.1" chrStart: 1377828864
Danio_rerio.GRCz11.dna_sm.primary_assembly.fa : chr # 136  "KN150033.1" chrStart: 1378091008
Danio_rerio.GRCz11.dna_sm.primary_assembly.fa : chr # 137  "KN150653.1" chrStart: 1378353152
Danio_rerio.GRCz11.dna_sm.primary_assembly.fa : chr # 138  "KN149723.1" chrStart: 1378615296
Danio_rerio.GRCz11.dna_sm.primary_assembly.fa : chr # 139  "KN150170.1" chrStart: 1378877440
Danio_rerio.GRCz11.dna_sm.primary_assembly.fa : chr # 140  "KN150642.1" chrStart: 1379139584
Danio_rerio.GRCz11.dna_sm.primary_assembly.fa : chr # 141  "KN150118.1" chrStart: 1379401728
Danio_rerio.GRCz11.dna_sm.primary_assembly.fa : chr # 142  "KN150667.1" chrStart: 1379663872
Danio_rerio.GRCz11.dna_sm.primary_assembly.fa : chr # 143  "KN150361.1" chrStart: 1379926016
Danio_rerio.GRCz11.dna_sm.primary_assembly.fa : chr # 144  "KN150232.1" chrStart: 1380188160
Danio_rerio.GRCz11.dna_sm.primary_assembly.fa : chr # 145  "KN150133.2" chrStart: 1380450304
Danio_rerio.GRCz11.dna_sm.primary_assembly.fa : chr # 146  "KN149859.1" chrStart: 1380712448
Danio_rerio.GRCz11.dna_sm.primary_assembly.fa : chr # 147  "KN150104.1" chrStart: 1380974592
Danio_rerio.GRCz11.dna_sm.primary_assembly.fa : chr # 148  "KN149769.1" chrStart: 1381236736
Danio_rerio.GRCz11.dna_sm.primary_assembly.fa : chr # 149  "KN150123.1" chrStart: 1381498880
Danio_rerio.GRCz11.dna_sm.primary_assembly.fa : chr # 150  "KN149884.1" chrStart: 1381761024
Danio_rerio.GRCz11.dna_sm.primary_assembly.fa : chr # 151  "KN150606.1" chrStart: 1382023168
Danio_rerio.GRCz11.dna_sm.primary_assembly.fa : chr # 152  "KN150676.1" chrStart: 1382285312
Danio_rerio.GRCz11.dna_sm.primary_assembly.fa : chr # 153  "KZ116011.1" chrStart: 1382547456
Danio_rerio.GRCz11.dna_sm.primary_assembly.fa : chr # 154  "KN149739.1" chrStart: 1382809600
Danio_rerio.GRCz11.dna_sm.primary_assembly.fa : chr # 155  "KN150265.1" chrStart: 1383071744
Danio_rerio.GRCz11.dna_sm.primary_assembly.fa : chr # 156  "KN150347.1" chrStart: 1383333888
Danio_rerio.GRCz11.dna_sm.primary_assembly.fa : chr # 157  "KN149812.1" chrStart: 1383596032
Danio_rerio.GRCz11.dna_sm.primary_assembly.fa : chr # 158  "KN150077.1" chrStart: 1383858176
Danio_rerio.GRCz11.dna_sm.primary_assembly.fa : chr # 159  "KN149710.1" chrStart: 1384120320
Danio_rerio.GRCz11.dna_sm.primary_assembly.fa : chr # 160  "KN150173.1" chrStart: 1384382464
Danio_rerio.GRCz11.dna_sm.primary_assembly.fa : chr # 161  "KN150259.1" chrStart: 1384644608
Danio_rerio.GRCz11.dna_sm.primary_assembly.fa : chr # 162  "KN150592.1" chrStart: 1384906752
Danio_rerio.GRCz11.dna_sm.primary_assembly.fa : chr # 163  "KN150351.1" chrStart: 1385168896
Danio_rerio.GRCz11.dna_sm.primary_assembly.fa : chr # 164  "KN150567.1" chrStart: 1385431040
Danio_rerio.GRCz11.dna_sm.primary_assembly.fa : chr # 165  "KN150083.1" chrStart: 1385693184
Danio_rerio.GRCz11.dna_sm.primary_assembly.fa : chr # 166  "KN150166.1" chrStart: 1385955328
Danio_rerio.GRCz11.dna_sm.primary_assembly.fa : chr # 167  "KN150136.1" chrStart: 1386217472
Danio_rerio.GRCz11.dna_sm.primary_assembly.fa : chr # 168  "KN150516.1" chrStart: 1386479616
Danio_rerio.GRCz11.dna_sm.primary_assembly.fa : chr # 169  "KN149693.1" chrStart: 1386741760
Danio_rerio.GRCz11.dna_sm.primary_assembly.fa : chr # 170  "KN149865.1" chrStart: 1387003904
Danio_rerio.GRCz11.dna_sm.primary_assembly.fa : chr # 171  "KN150336.1" chrStart: 1387266048
Danio_rerio.GRCz11.dna_sm.primary_assembly.fa : chr # 172  "KN150117.1" chrStart: 1387528192
Danio_rerio.GRCz11.dna_sm.primary_assembly.fa : chr # 173  "KN150479.1" chrStart: 1387790336
Danio_rerio.GRCz11.dna_sm.primary_assembly.fa : chr # 174  "KN150269.1" chrStart: 1388052480
Danio_rerio.GRCz11.dna_sm.primary_assembly.fa : chr # 175  "KN150703.1" chrStart: 1388314624
Danio_rerio.GRCz11.dna_sm.primary_assembly.fa : chr # 176  "KN149717.1" chrStart: 1388576768
Danio_rerio.GRCz11.dna_sm.primary_assembly.fa : chr # 177  "KN149719.1" chrStart: 1388838912
Danio_rerio.GRCz11.dna_sm.primary_assembly.fa : chr # 178  "KN150179.1" chrStart: 1389101056
Danio_rerio.GRCz11.dna_sm.primary_assembly.fa : chr # 179  "KN149840.1" chrStart: 1389363200
Danio_rerio.GRCz11.dna_sm.primary_assembly.fa : chr # 180  "KN150079.1" chrStart: 1389625344
Danio_rerio.GRCz11.dna_sm.primary_assembly.fa : chr # 181  "KN149760.1" chrStart: 1389887488
Danio_rerio.GRCz11.dna_sm.primary_assembly.fa : chr # 182  "KN149953.1" chrStart: 1390149632
Danio_rerio.GRCz11.dna_sm.primary_assembly.fa : chr # 183  "KN150548.1" chrStart: 1390411776
Danio_rerio.GRCz11.dna_sm.primary_assembly.fa : chr # 184  "KN150243.2" chrStart: 1390673920
Danio_rerio.GRCz11.dna_sm.primary_assembly.fa : chr # 185  "KN150459.1" chrStart: 1390936064
Danio_rerio.GRCz11.dna_sm.primary_assembly.fa : chr # 186  "KN150049.1" chrStart: 1391198208
Danio_rerio.GRCz11.dna_sm.primary_assembly.fa : chr # 187  "KN150331.1" chrStart: 1391460352
Danio_rerio.GRCz11.dna_sm.primary_assembly.fa : chr # 188  "KN150148.1" chrStart: 1391722496
Danio_rerio.GRCz11.dna_sm.primary_assembly.fa : chr # 189  "KN150335.1" chrStart: 1391984640
Danio_rerio.GRCz11.dna_sm.primary_assembly.fa : chr # 190  "KN150252.1" chrStart: 1392246784
Danio_rerio.GRCz11.dna_sm.primary_assembly.fa : chr # 191  "KN149958.1" chrStart: 1392508928
Danio_rerio.GRCz11.dna_sm.primary_assembly.fa : chr # 192  "KN150244.1" chrStart: 1392771072
Danio_rerio.GRCz11.dna_sm.primary_assembly.fa : chr # 193  "KN150708.1" chrStart: 1393033216
Danio_rerio.GRCz11.dna_sm.primary_assembly.fa : chr # 194  "KN150191.1" chrStart: 1393295360
Danio_rerio.GRCz11.dna_sm.primary_assembly.fa : chr # 195  "KN150570.1" chrStart: 1393557504
Danio_rerio.GRCz11.dna_sm.primary_assembly.fa : chr # 196  "KN149716.1" chrStart: 1393819648
Danio_rerio.GRCz11.dna_sm.primary_assembly.fa : chr # 197  "KN149800.1" chrStart: 1394081792
Danio_rerio.GRCz11.dna_sm.primary_assembly.fa : chr # 198  "KN150619.1" chrStart: 1394343936
Danio_rerio.GRCz11.dna_sm.primary_assembly.fa : chr # 199  "KN150675.1" chrStart: 1394606080
Danio_rerio.GRCz11.dna_sm.primary_assembly.fa : chr # 200  "KN150557.1" chrStart: 1394868224
Danio_rerio.GRCz11.dna_sm.primary_assembly.fa : chr # 201  "KN150466.1" chrStart: 1395130368
Danio_rerio.GRCz11.dna_sm.primary_assembly.fa : chr # 202  "KN149697.1" chrStart: 1395392512
Danio_rerio.GRCz11.dna_sm.primary_assembly.fa : chr # 203  "KN150293.1" chrStart: 1395654656
Danio_rerio.GRCz11.dna_sm.primary_assembly.fa : chr # 204  "KN150172.1" chrStart: 1395916800
Danio_rerio.GRCz11.dna_sm.primary_assembly.fa : chr # 205  "KN150518.1" chrStart: 1396178944
Danio_rerio.GRCz11.dna_sm.primary_assembly.fa : chr # 206  "KN149754.1" chrStart: 1396441088
Danio_rerio.GRCz11.dna_sm.primary_assembly.fa : chr # 207  "KN149749.1" chrStart: 1396703232
Danio_rerio.GRCz11.dna_sm.primary_assembly.fa : chr # 208  "KN149909.1" chrStart: 1396965376
Danio_rerio.GRCz11.dna_sm.primary_assembly.fa : chr # 209  "KN149700.1" chrStart: 1397227520
Danio_rerio.GRCz11.dna_sm.primary_assembly.fa : chr # 210  "KN149787.1" chrStart: 1397489664
Danio_rerio.GRCz11.dna_sm.primary_assembly.fa : chr # 211  "KN150398.1" chrStart: 1397751808
Danio_rerio.GRCz11.dna_sm.primary_assembly.fa : chr # 212  "KN150303.1" chrStart: 1398013952
Danio_rerio.GRCz11.dna_sm.primary_assembly.fa : chr # 213  "KN150505.1" chrStart: 1398276096
Danio_rerio.GRCz11.dna_sm.primary_assembly.fa : chr # 214  "KN149906.1" chrStart: 1398538240
Danio_rerio.GRCz11.dna_sm.primary_assembly.fa : chr # 215  "KN150189.1" chrStart: 1398800384
Danio_rerio.GRCz11.dna_sm.primary_assembly.fa : chr # 216  "KN149680.1" chrStart: 1399062528
Danio_rerio.GRCz11.dna_sm.primary_assembly.fa : chr # 217  "KN150511.1" chrStart: 1399324672
Danio_rerio.GRCz11.dna_sm.primary_assembly.fa : chr # 218  "KN150035.1" chrStart: 1399586816
Danio_rerio.GRCz11.dna_sm.primary_assembly.fa : chr # 219  "KN150080.1" chrStart: 1399848960
Danio_rerio.GRCz11.dna_sm.primary_assembly.fa : chr # 220  "KN150547.1" chrStart: 1400111104
Danio_rerio.GRCz11.dna_sm.primary_assembly.fa : chr # 221  "KN150609.1" chrStart: 1400373248
Danio_rerio.GRCz11.dna_sm.primary_assembly.fa : chr # 222  "KZ116065.1" chrStart: 1400635392
Danio_rerio.GRCz11.dna_sm.primary_assembly.fa : chr # 223  "KZ116044.1" chrStart: 1400897536
Danio_rerio.GRCz11.dna_sm.primary_assembly.fa : chr # 224  "KN150408.1" chrStart: 1401159680
Danio_rerio.GRCz11.dna_sm.primary_assembly.fa : chr # 225  "KN150385.1" chrStart: 1401421824
Danio_rerio.GRCz11.dna_sm.primary_assembly.fa : chr # 226  "KN149692.1" chrStart: 1401683968
Danio_rerio.GRCz11.dna_sm.primary_assembly.fa : chr # 227  "KN150137.1" chrStart: 1401946112
Danio_rerio.GRCz11.dna_sm.primary_assembly.fa : chr # 228  "KN149923.1" chrStart: 1402208256
Danio_rerio.GRCz11.dna_sm.primary_assembly.fa : chr # 229  "KN150306.1" chrStart: 1402470400
Danio_rerio.GRCz11.dna_sm.primary_assembly.fa : chr # 230  "KN150631.1" chrStart: 1402732544
Danio_rerio.GRCz11.dna_sm.primary_assembly.fa : chr # 231  "KN150576.1" chrStart: 1402994688
Danio_rerio.GRCz11.dna_sm.primary_assembly.fa : chr # 232  "KN149782.1" chrStart: 1403256832
Danio_rerio.GRCz11.dna_sm.primary_assembly.fa : chr # 233  "KN150386.1" chrStart: 1403518976
Danio_rerio.GRCz11.dna_sm.primary_assembly.fa : chr # 234  "KN150414.1" chrStart: 1403781120
Danio_rerio.GRCz11.dna_sm.primary_assembly.fa : chr # 235  "KN150493.1" chrStart: 1404043264
Danio_rerio.GRCz11.dna_sm.primary_assembly.fa : chr # 236  "KN149973.1" chrStart: 1404305408
Danio_rerio.GRCz11.dna_sm.primary_assembly.fa : chr # 237  "KN149856.1" chrStart: 1404567552
Danio_rerio.GRCz11.dna_sm.primary_assembly.fa : chr # 238  "KN150159.1" chrStart: 1404829696
Danio_rerio.GRCz11.dna_sm.primary_assembly.fa : chr # 239  "KN150062.1" chrStart: 1405091840
Danio_rerio.GRCz11.dna_sm.primary_assembly.fa : chr # 240  "KN149836.1" chrStart: 1405353984
Danio_rerio.GRCz11.dna_sm.primary_assembly.fa : chr # 241  "KN150400.1" chrStart: 1405616128
Danio_rerio.GRCz11.dna_sm.primary_assembly.fa : chr # 242  "KZ115987.1" chrStart: 1405878272
Danio_rerio.GRCz11.dna_sm.primary_assembly.fa : chr # 243  "KN150403.1" chrStart: 1406140416
Danio_rerio.GRCz11.dna_sm.primary_assembly.fa : chr # 244  "KN149795.1" chrStart: 1406402560
Danio_rerio.GRCz11.dna_sm.primary_assembly.fa : chr # 245  "KZ116019.1" chrStart: 1406664704
Danio_rerio.GRCz11.dna_sm.primary_assembly.fa : chr # 246  "KN149989.1" chrStart: 1406926848
Danio_rerio.GRCz11.dna_sm.primary_assembly.fa : chr # 247  "KN150102.1" chrStart: 1407188992
Danio_rerio.GRCz11.dna_sm.primary_assembly.fa : chr # 248  "KN150005.1" chrStart: 1407451136
Danio_rerio.GRCz11.dna_sm.primary_assembly.fa : chr # 249  "KN150272.1" chrStart: 1407713280
Danio_rerio.GRCz11.dna_sm.primary_assembly.fa : chr # 250  "KZ116059.1" chrStart: 1407975424
Danio_rerio.GRCz11.dna_sm.primary_assembly.fa : chr # 251  "KN150628.1" chrStart: 1408237568
Danio_rerio.GRCz11.dna_sm.primary_assembly.fa : chr # 252  "KN150416.1" chrStart: 1408499712
Danio_rerio.GRCz11.dna_sm.primary_assembly.fa : chr # 253  "KZ115974.1" chrStart: 1408761856
Danio_rerio.GRCz11.dna_sm.primary_assembly.fa : chr # 254  "KZ116034.1" chrStart: 1409024000
Danio_rerio.GRCz11.dna_sm.primary_assembly.fa : chr # 255  "KN149996.1" chrStart: 1409286144
Danio_rerio.GRCz11.dna_sm.primary_assembly.fa : chr # 256  "KN150015.1" chrStart: 1409548288
Danio_rerio.GRCz11.dna_sm.primary_assembly.fa : chr # 257  "KN149850.1" chrStart: 1409810432
Danio_rerio.GRCz11.dna_sm.primary_assembly.fa : chr # 258  "KN149815.1" chrStart: 1410072576
Danio_rerio.GRCz11.dna_sm.primary_assembly.fa : chr # 259  "KN150127.1" chrStart: 1410334720
Danio_rerio.GRCz11.dna_sm.primary_assembly.fa : chr # 260  "KN149706.1" chrStart: 1410596864
Danio_rerio.GRCz11.dna_sm.primary_assembly.fa : chr # 261  "KN149843.1" chrStart: 1410859008
Danio_rerio.GRCz11.dna_sm.primary_assembly.fa : chr # 262  "KN150156.1" chrStart: 1411121152
Danio_rerio.GRCz11.dna_sm.primary_assembly.fa : chr # 263  "KN149946.1" chrStart: 1411383296
Danio_rerio.GRCz11.dna_sm.primary_assembly.fa : chr # 264  "KN150626.1" chrStart: 1411645440
Danio_rerio.GRCz11.dna_sm.primary_assembly.fa : chr # 265  "KN150181.1" chrStart: 1411907584
Danio_rerio.GRCz11.dna_sm.primary_assembly.fa : chr # 266  "KN150165.1" chrStart: 1412169728
Danio_rerio.GRCz11.dna_sm.primary_assembly.fa : chr # 267  "KN150055.1" chrStart: 1412431872
Danio_rerio.GRCz11.dna_sm.primary_assembly.fa : chr # 268  "KZ116029.1" chrStart: 1412694016
Danio_rerio.GRCz11.dna_sm.primary_assembly.fa : chr # 269  "KN150580.1" chrStart: 1412956160
Danio_rerio.GRCz11.dna_sm.primary_assembly.fa : chr # 270  "KN150043.1" chrStart: 1413218304
Danio_rerio.GRCz11.dna_sm.primary_assembly.fa : chr # 271  "KN150698.1" chrStart: 1413480448
Danio_rerio.GRCz11.dna_sm.primary_assembly.fa : chr # 272  "KN150227.1" chrStart: 1413742592
Danio_rerio.GRCz11.dna_sm.primary_assembly.fa : chr # 273  "KN150200.1" chrStart: 1414004736
Danio_rerio.GRCz11.dna_sm.primary_assembly.fa : chr # 274  "KN149982.1" chrStart: 1414266880
Danio_rerio.GRCz11.dna_sm.primary_assembly.fa : chr # 275  "KN150407.1" chrStart: 1414529024
Danio_rerio.GRCz11.dna_sm.primary_assembly.fa : chr # 276  "KZ116024.1" chrStart: 1414791168
Danio_rerio.GRCz11.dna_sm.primary_assembly.fa : chr # 277  "KN150240.1" chrStart: 1415053312
Danio_rerio.GRCz11.dna_sm.primary_assembly.fa : chr # 278  "KN150263.1" chrStart: 1415315456
Danio_rerio.GRCz11.dna_sm.primary_assembly.fa : chr # 279  "KN150341.1" chrStart: 1415577600
Danio_rerio.GRCz11.dna_sm.primary_assembly.fa : chr # 280  "KN150278.1" chrStart: 1415839744
Danio_rerio.GRCz11.dna_sm.primary_assembly.fa : chr # 281  "KN149767.1" chrStart: 1416101888
Danio_rerio.GRCz11.dna_sm.primary_assembly.fa : chr # 282  "KN150042.1" chrStart: 1416364032
Danio_rerio.GRCz11.dna_sm.primary_assembly.fa : chr # 283  "KN150620.1" chrStart: 1416626176
Danio_rerio.GRCz11.dna_sm.primary_assembly.fa : chr # 284  "KN150492.2" chrStart: 1416888320
Danio_rerio.GRCz11.dna_sm.primary_assembly.fa : chr # 285  "KN149753.1" chrStart: 1417150464
Danio_rerio.GRCz11.dna_sm.primary_assembly.fa : chr # 286  "KN149852.1" chrStart: 1417412608
Danio_rerio.GRCz11.dna_sm.primary_assembly.fa : chr # 287  "KN150111.1" chrStart: 1417674752
Danio_rerio.GRCz11.dna_sm.primary_assembly.fa : chr # 288  "KN150379.1" chrStart: 1417936896
Danio_rerio.GRCz11.dna_sm.primary_assembly.fa : chr # 289  "KN149925.1" chrStart: 1418199040
Danio_rerio.GRCz11.dna_sm.primary_assembly.fa : chr # 290  "KN150220.1" chrStart: 1418461184
Danio_rerio.GRCz11.dna_sm.primary_assembly.fa : chr # 291  "KN149943.1" chrStart: 1418723328
Danio_rerio.GRCz11.dna_sm.primary_assembly.fa : chr # 292  "KN150372.1" chrStart: 1418985472
Danio_rerio.GRCz11.dna_sm.primary_assembly.fa : chr # 293  "KN150032.1" chrStart: 1419247616
Danio_rerio.GRCz11.dna_sm.primary_assembly.fa : chr # 294  "KN150066.1" chrStart: 1419509760
Danio_rerio.GRCz11.dna_sm.primary_assembly.fa : chr # 295  "KN150056.1" chrStart: 1419771904
Danio_rerio.GRCz11.dna_sm.primary_assembly.fa : chr # 296  "KN150255.2" chrStart: 1420034048
Danio_rerio.GRCz11.dna_sm.primary_assembly.fa : chr # 297  "KN150656.2" chrStart: 1420296192
Danio_rerio.GRCz11.dna_sm.primary_assembly.fa : chr # 298  "KN150428.1" chrStart: 1420558336
Danio_rerio.GRCz11.dna_sm.primary_assembly.fa : chr # 299  "KN149765.1" chrStart: 1420820480
Danio_rerio.GRCz11.dna_sm.primary_assembly.fa : chr # 300  "KN150085.1" chrStart: 1421082624
Danio_rerio.GRCz11.dna_sm.primary_assembly.fa : chr # 301  "KN150349.1" chrStart: 1421344768
Danio_rerio.GRCz11.dna_sm.primary_assembly.fa : chr # 302  "KN150134.1" chrStart: 1421606912
Danio_rerio.GRCz11.dna_sm.primary_assembly.fa : chr # 303  "KN149838.1" chrStart: 1421869056
Danio_rerio.GRCz11.dna_sm.primary_assembly.fa : chr # 304  "KN150572.1" chrStart: 1422131200
Danio_rerio.GRCz11.dna_sm.primary_assembly.fa : chr # 305  "KN150340.1" chrStart: 1422393344
Danio_rerio.GRCz11.dna_sm.primary_assembly.fa : chr # 306  "KN149846.1" chrStart: 1422655488
Danio_rerio.GRCz11.dna_sm.primary_assembly.fa : chr # 307  "KN150074.1" chrStart: 1422917632
Danio_rerio.GRCz11.dna_sm.primary_assembly.fa : chr # 308  "KN150330.1" chrStart: 1423179776
Danio_rerio.GRCz11.dna_sm.primary_assembly.fa : chr # 309  "KN150168.1" chrStart: 1423441920
Danio_rerio.GRCz11.dna_sm.primary_assembly.fa : chr # 310  "KN149921.1" chrStart: 1423704064
Danio_rerio.GRCz11.dna_sm.primary_assembly.fa : chr # 311  "KN150495.1" chrStart: 1423966208
Danio_rerio.GRCz11.dna_sm.primary_assembly.fa : chr # 312  "KN150221.1" chrStart: 1424228352
Danio_rerio.GRCz11.dna_sm.primary_assembly.fa : chr # 313  "KN150643.1" chrStart: 1424490496
Danio_rerio.GRCz11.dna_sm.primary_assembly.fa : chr # 314  "KN150651.1" chrStart: 1424752640
Danio_rerio.GRCz11.dna_sm.primary_assembly.fa : chr # 315  "KN149893.1" chrStart: 1425014784
Danio_rerio.GRCz11.dna_sm.primary_assembly.fa : chr # 316  "KN150635.1" chrStart: 1425276928
Danio_rerio.GRCz11.dna_sm.primary_assembly.fa : chr # 317  "KN149705.1" chrStart: 1425539072
Danio_rerio.GRCz11.dna_sm.primary_assembly.fa : chr # 318  "KN149709.1" chrStart: 1425801216
Danio_rerio.GRCz11.dna_sm.primary_assembly.fa : chr # 319  "KN149737.1" chrStart: 1426063360
Danio_rerio.GRCz11.dna_sm.primary_assembly.fa : chr # 320  "KN150639.1" chrStart: 1426325504
Danio_rerio.GRCz11.dna_sm.primary_assembly.fa : chr # 321  "KN150537.1" chrStart: 1426587648
Danio_rerio.GRCz11.dna_sm.primary_assembly.fa : chr # 322  "KN150120.1" chrStart: 1426849792
Danio_rerio.GRCz11.dna_sm.primary_assembly.fa : chr # 323  "KN150357.1" chrStart: 1427111936
Danio_rerio.GRCz11.dna_sm.primary_assembly.fa : chr # 324  "KN150067.1" chrStart: 1427374080
Danio_rerio.GRCz11.dna_sm.primary_assembly.fa : chr # 325  "KN149829.1" chrStart: 1427636224
Danio_rerio.GRCz11.dna_sm.primary_assembly.fa : chr # 326  "KZ116033.1" chrStart: 1427898368
Danio_rerio.GRCz11.dna_sm.primary_assembly.fa : chr # 327  "KN150251.1" chrStart: 1428160512
Danio_rerio.GRCz11.dna_sm.primary_assembly.fa : chr # 328  "KN150343.1" chrStart: 1428422656
Danio_rerio.GRCz11.dna_sm.primary_assembly.fa : chr # 329  "KN150508.1" chrStart: 1428684800
Danio_rerio.GRCz11.dna_sm.primary_assembly.fa : chr # 330  "KN150489.1" chrStart: 1428946944
Danio_rerio.GRCz11.dna_sm.primary_assembly.fa : chr # 331  "KN150573.1" chrStart: 1429209088
Danio_rerio.GRCz11.dna_sm.primary_assembly.fa : chr # 332  "KN150559.1" chrStart: 1429471232
Danio_rerio.GRCz11.dna_sm.primary_assembly.fa : chr # 333  "KN150025.1" chrStart: 1429733376
Danio_rerio.GRCz11.dna_sm.primary_assembly.fa : chr # 334  "KN150661.1" chrStart: 1429995520
Danio_rerio.GRCz11.dna_sm.primary_assembly.fa : chr # 335  "KN150690.1" chrStart: 1430257664
Danio_rerio.GRCz11.dna_sm.primary_assembly.fa : chr # 336  "KN150699.1" chrStart: 1430519808
Danio_rerio.GRCz11.dna_sm.primary_assembly.fa : chr # 337  "KN149775.2" chrStart: 1430781952
Danio_rerio.GRCz11.dna_sm.primary_assembly.fa : chr # 338  "KN149818.1" chrStart: 1431044096
Danio_rerio.GRCz11.dna_sm.primary_assembly.fa : chr # 339  "KN149814.1" chrStart: 1431306240
Danio_rerio.GRCz11.dna_sm.primary_assembly.fa : chr # 340  "KN149835.1" chrStart: 1431568384
Danio_rerio.GRCz11.dna_sm.primary_assembly.fa : chr # 341  "KN150478.1" chrStart: 1431830528
Danio_rerio.GRCz11.dna_sm.primary_assembly.fa : chr # 342  "KN150291.1" chrStart: 1432092672
Danio_rerio.GRCz11.dna_sm.primary_assembly.fa : chr # 343  "KN150017.1" chrStart: 1432354816
Danio_rerio.GRCz11.dna_sm.primary_assembly.fa : chr # 344  "KN149796.1" chrStart: 1432616960
Danio_rerio.GRCz11.dna_sm.primary_assembly.fa : chr # 345  "KN149721.1" chrStart: 1432879104
Danio_rerio.GRCz11.dna_sm.primary_assembly.fa : chr # 346  "KN149794.1" chrStart: 1433141248
Danio_rerio.GRCz11.dna_sm.primary_assembly.fa : chr # 347  "KN150468.1" chrStart: 1433403392
Danio_rerio.GRCz11.dna_sm.primary_assembly.fa : chr # 348  "KN150450.1" chrStart: 1433665536
Danio_rerio.GRCz11.dna_sm.primary_assembly.fa : chr # 349  "KN150285.1" chrStart: 1433927680
Danio_rerio.GRCz11.dna_sm.primary_assembly.fa : chr # 350  "KN150352.2" chrStart: 1434189824
Danio_rerio.GRCz11.dna_sm.primary_assembly.fa : chr # 351  "KN150226.1" chrStart: 1434451968
Danio_rerio.GRCz11.dna_sm.primary_assembly.fa : chr # 352  "KN149944.1" chrStart: 1434714112
Danio_rerio.GRCz11.dna_sm.primary_assembly.fa : chr # 353  "KN149727.1" chrStart: 1434976256
Danio_rerio.GRCz11.dna_sm.primary_assembly.fa : chr # 354  "KN150464.1" chrStart: 1435238400
Danio_rerio.GRCz11.dna_sm.primary_assembly.fa : chr # 355  "KN150126.1" chrStart: 1435500544
Danio_rerio.GRCz11.dna_sm.primary_assembly.fa : chr # 356  "KN149892.1" chrStart: 1435762688
Danio_rerio.GRCz11.dna_sm.primary_assembly.fa : chr # 357  "KN150462.1" chrStart: 1436024832
Danio_rerio.GRCz11.dna_sm.primary_assembly.fa : chr # 358  "KN150175.1" chrStart: 1436286976
Danio_rerio.GRCz11.dna_sm.primary_assembly.fa : chr # 359  "KN147552.2" chrStart: 1436549120
Danio_rerio.GRCz11.dna_sm.primary_assembly.fa : chr # 360  "KN150084.1" chrStart: 1436811264
Danio_rerio.GRCz11.dna_sm.primary_assembly.fa : chr # 361  "KN150114.1" chrStart: 1437073408
Danio_rerio.GRCz11.dna_sm.primary_assembly.fa : chr # 362  "KN150224.1" chrStart: 1437335552
Danio_rerio.GRCz11.dna_sm.primary_assembly.fa : chr # 363  "KN150684.1" chrStart: 1437597696
Danio_rerio.GRCz11.dna_sm.primary_assembly.fa : chr # 364  "KN150061.1" chrStart: 1437859840
Danio_rerio.GRCz11.dna_sm.primary_assembly.fa : chr # 365  "KN150324.1" chrStart: 1438121984
Danio_rerio.GRCz11.dna_sm.primary_assembly.fa : chr # 366  "KN150203.1" chrStart: 1438384128
Danio_rerio.GRCz11.dna_sm.primary_assembly.fa : chr # 367  "KN150186.1" chrStart: 1438646272
Danio_rerio.GRCz11.dna_sm.primary_assembly.fa : chr # 368  "KN150282.1" chrStart: 1438908416
Danio_rerio.GRCz11.dna_sm.primary_assembly.fa : chr # 369  "KN150579.1" chrStart: 1439170560
Danio_rerio.GRCz11.dna_sm.primary_assembly.fa : chr # 370  "KN150299.1" chrStart: 1439432704
Danio_rerio.GRCz11.dna_sm.primary_assembly.fa : chr # 371  "KN150297.1" chrStart: 1439694848
Danio_rerio.GRCz11.dna_sm.primary_assembly.fa : chr # 372  "KN149924.1" chrStart: 1439956992
Danio_rerio.GRCz11.dna_sm.primary_assembly.fa : chr # 373  "KN149855.1" chrStart: 1440219136
Danio_rerio.GRCz11.dna_sm.primary_assembly.fa : chr # 374  "KN150490.1" chrStart: 1440481280
Danio_rerio.GRCz11.dna_sm.primary_assembly.fa : chr # 375  "KN150384.1" chrStart: 1440743424
Danio_rerio.GRCz11.dna_sm.primary_assembly.fa : chr # 376  "KN150562.1" chrStart: 1441005568
Danio_rerio.GRCz11.dna_sm.primary_assembly.fa : chr # 377  "KN150332.1" chrStart: 1441267712
Danio_rerio.GRCz11.dna_sm.primary_assembly.fa : chr # 378  "KN150645.1" chrStart: 1441529856
Danio_rerio.GRCz11.dna_sm.primary_assembly.fa : chr # 379  "KN149979.1" chrStart: 1441792000
Danio_rerio.GRCz11.dna_sm.primary_assembly.fa : chr # 380  "KN150363.1" chrStart: 1442054144
Danio_rerio.GRCz11.dna_sm.primary_assembly.fa : chr # 381  "KN150602.1" chrStart: 1442316288
Danio_rerio.GRCz11.dna_sm.primary_assembly.fa : chr # 382  "KN149871.1" chrStart: 1442578432
Danio_rerio.GRCz11.dna_sm.primary_assembly.fa : chr # 383  "KN150334.1" chrStart: 1442840576
Danio_rerio.GRCz11.dna_sm.primary_assembly.fa : chr # 384  "KN150625.1" chrStart: 1443102720
Danio_rerio.GRCz11.dna_sm.primary_assembly.fa : chr # 385  "KN150501.1" chrStart: 1443364864
Danio_rerio.GRCz11.dna_sm.primary_assembly.fa : chr # 386  "KN150270.1" chrStart: 1443627008
Danio_rerio.GRCz11.dna_sm.primary_assembly.fa : chr # 387  "KN150388.1" chrStart: 1443889152
Danio_rerio.GRCz11.dna_sm.primary_assembly.fa : chr # 388  "KN150183.1" chrStart: 1444151296
Danio_rerio.GRCz11.dna_sm.primary_assembly.fa : chr # 389  "KN150561.1" chrStart: 1444413440
Danio_rerio.GRCz11.dna_sm.primary_assembly.fa : chr # 390  "KN150289.1" chrStart: 1444675584
Danio_rerio.GRCz11.dna_sm.primary_assembly.fa : chr # 391  "KN150023.1" chrStart: 1444937728
Danio_rerio.GRCz11.dna_sm.primary_assembly.fa : chr # 392  "KN149825.1" chrStart: 1445199872
Danio_rerio.GRCz11.dna_sm.primary_assembly.fa : chr # 393  "KZ115964.1" chrStart: 1445462016
Danio_rerio.GRCz11.dna_sm.primary_assembly.fa : chr # 394  "KN149741.1" chrStart: 1445724160
Danio_rerio.GRCz11.dna_sm.primary_assembly.fa : chr # 395  "KN150668.1" chrStart: 1445986304
Danio_rerio.GRCz11.dna_sm.primary_assembly.fa : chr # 396  "KN150154.1" chrStart: 1446248448
Danio_rerio.GRCz11.dna_sm.primary_assembly.fa : chr # 397  "KZ115982.1" chrStart: 1446510592
Danio_rerio.GRCz11.dna_sm.primary_assembly.fa : chr # 398  "KN150177.1" chrStart: 1446772736
Danio_rerio.GRCz11.dna_sm.primary_assembly.fa : chr # 399  "KN149779.1" chrStart: 1447034880
Danio_rerio.GRCz11.dna_sm.primary_assembly.fa : chr # 400  "KN149733.1" chrStart: 1447297024
Danio_rerio.GRCz11.dna_sm.primary_assembly.fa : chr # 401  "KN150532.1" chrStart: 1447559168
Danio_rerio.GRCz11.dna_sm.primary_assembly.fa : chr # 402  "KN150016.1" chrStart: 1447821312
Danio_rerio.GRCz11.dna_sm.primary_assembly.fa : chr # 403  "KN150426.1" chrStart: 1448083456
Danio_rerio.GRCz11.dna_sm.primary_assembly.fa : chr # 404  "KN150058.1" chrStart: 1448345600
Danio_rerio.GRCz11.dna_sm.primary_assembly.fa : chr # 405  "KN149919.1" chrStart: 1448607744
Danio_rerio.GRCz11.dna_sm.primary_assembly.fa : chr # 406  "KN149743.1" chrStart: 1448869888
Danio_rerio.GRCz11.dna_sm.primary_assembly.fa : chr # 407  "KN150309.1" chrStart: 1449132032
Danio_rerio.GRCz11.dna_sm.primary_assembly.fa : chr # 408  "KN150521.1" chrStart: 1449394176
Danio_rerio.GRCz11.dna_sm.primary_assembly.fa : chr # 409  "KN150640.1" chrStart: 1449656320
Danio_rerio.GRCz11.dna_sm.primary_assembly.fa : chr # 410  "KN150411.1" chrStart: 1449918464
Danio_rerio.GRCz11.dna_sm.primary_assembly.fa : chr # 411  "KN150527.1" chrStart: 1450180608
Danio_rerio.GRCz11.dna_sm.primary_assembly.fa : chr # 412  "KN150063.1" chrStart: 1450442752
Danio_rerio.GRCz11.dna_sm.primary_assembly.fa : chr # 413  "KN150047.1" chrStart: 1450704896
Danio_rerio.GRCz11.dna_sm.primary_assembly.fa : chr # 414  "KN150313.1" chrStart: 1450967040
Danio_rerio.GRCz11.dna_sm.primary_assembly.fa : chr # 415  "KN149961.1" chrStart: 1451229184
Danio_rerio.GRCz11.dna_sm.primary_assembly.fa : chr # 416  "KN149708.1" chrStart: 1451491328
Danio_rerio.GRCz11.dna_sm.primary_assembly.fa : chr # 417  "KN150644.1" chrStart: 1451753472
Danio_rerio.GRCz11.dna_sm.primary_assembly.fa : chr # 418  "KN150636.1" chrStart: 1452015616
Danio_rerio.GRCz11.dna_sm.primary_assembly.fa : chr # 419  "KN150310.1" chrStart: 1452277760
Danio_rerio.GRCz11.dna_sm.primary_assembly.fa : chr # 420  "KN150565.1" chrStart: 1452539904
Danio_rerio.GRCz11.dna_sm.primary_assembly.fa : chr # 421  "KN150225.1" chrStart: 1452802048
Danio_rerio.GRCz11.dna_sm.primary_assembly.fa : chr # 422  "KN150315.1" chrStart: 1453064192
Danio_rerio.GRCz11.dna_sm.primary_assembly.fa : chr # 423  "KN149849.1" chrStart: 1453326336
Danio_rerio.GRCz11.dna_sm.primary_assembly.fa : chr # 424  "KN150337.1" chrStart: 1453588480
Danio_rerio.GRCz11.dna_sm.primary_assembly.fa : chr # 425  "KN150242.1" chrStart: 1453850624
Danio_rerio.GRCz11.dna_sm.primary_assembly.fa : chr # 426  "KN150327.1" chrStart: 1454112768
Danio_rerio.GRCz11.dna_sm.primary_assembly.fa : chr # 427  "KN150040.1" chrStart: 1454374912
Danio_rerio.GRCz11.dna_sm.primary_assembly.fa : chr # 428  "KN150500.1" chrStart: 1454637056
Danio_rerio.GRCz11.dna_sm.primary_assembly.fa : chr # 429  "KN150019.2" chrStart: 1454899200
Danio_rerio.GRCz11.dna_sm.primary_assembly.fa : chr # 430  "KN149764.1" chrStart: 1455161344
Danio_rerio.GRCz11.dna_sm.primary_assembly.fa : chr # 431  "KN149955.1" chrStart: 1455423488
Danio_rerio.GRCz11.dna_sm.primary_assembly.fa : chr # 432  "KN150140.2" chrStart: 1455685632
Danio_rerio.GRCz11.dna_sm.primary_assembly.fa : chr # 433  "KN149780.1" chrStart: 1455947776
Danio_rerio.GRCz11.dna_sm.primary_assembly.fa : chr # 434  "KZ116031.1" chrStart: 1456209920
Danio_rerio.GRCz11.dna_sm.primary_assembly.fa : chr # 435  "KN150344.1" chrStart: 1456472064
Danio_rerio.GRCz11.dna_sm.primary_assembly.fa : chr # 436  "KN149763.1" chrStart: 1456734208
Danio_rerio.GRCz11.dna_sm.primary_assembly.fa : chr # 437  "KN150322.1" chrStart: 1456996352
Danio_rerio.GRCz11.dna_sm.primary_assembly.fa : chr # 438  "KN150353.1" chrStart: 1457258496
Danio_rerio.GRCz11.dna_sm.primary_assembly.fa : chr # 439  "KN150710.1" chrStart: 1457520640
Danio_rerio.GRCz11.dna_sm.primary_assembly.fa : chr # 440  "KN150629.1" chrStart: 1457782784
Danio_rerio.GRCz11.dna_sm.primary_assembly.fa : chr # 441  "KN149974.1" chrStart: 1458044928
Danio_rerio.GRCz11.dna_sm.primary_assembly.fa : chr # 442  "KN150633.1" chrStart: 1458307072
Danio_rerio.GRCz11.dna_sm.primary_assembly.fa : chr # 443  "KN150689.1" chrStart: 1458569216
Danio_rerio.GRCz11.dna_sm.primary_assembly.fa : chr # 444  "KN150325.1" chrStart: 1458831360
Danio_rerio.GRCz11.dna_sm.primary_assembly.fa : chr # 445  "KN150028.1" chrStart: 1459093504
Danio_rerio.GRCz11.dna_sm.primary_assembly.fa : chr # 446  "KZ115949.1" chrStart: 1459355648
Danio_rerio.GRCz11.dna_sm.primary_assembly.fa : chr # 447  "KN150514.1" chrStart: 1459617792
Danio_rerio.GRCz11.dna_sm.primary_assembly.fa : chr # 448  "KN150594.1" chrStart: 1459879936
Danio_rerio.GRCz11.dna_sm.primary_assembly.fa : chr # 449  "KN150399.1" chrStart: 1460142080
Danio_rerio.GRCz11.dna_sm.primary_assembly.fa : chr # 450  "KZ116043.1" chrStart: 1460404224
Danio_rerio.GRCz11.dna_sm.primary_assembly.fa : chr # 451  "KN150236.1" chrStart: 1460666368
Danio_rerio.GRCz11.dna_sm.primary_assembly.fa : chr # 452  "KN150113.1" chrStart: 1460928512
Danio_rerio.GRCz11.dna_sm.primary_assembly.fa : chr # 453  "KN150187.1" chrStart: 1461190656
Danio_rerio.GRCz11.dna_sm.primary_assembly.fa : chr # 454  "KN150390.1" chrStart: 1461452800
Danio_rerio.GRCz11.dna_sm.primary_assembly.fa : chr # 455  "KZ116004.1" chrStart: 1461714944
Danio_rerio.GRCz11.dna_sm.primary_assembly.fa : chr # 456  "KN149715.1" chrStart: 1461977088
Danio_rerio.GRCz11.dna_sm.primary_assembly.fa : chr # 457  "KN150599.1" chrStart: 1462239232
Danio_rerio.GRCz11.dna_sm.primary_assembly.fa : chr # 458  "KN150523.1" chrStart: 1462501376
Danio_rerio.GRCz11.dna_sm.primary_assembly.fa : chr # 459  "KN150589.1" chrStart: 1462763520
Danio_rerio.GRCz11.dna_sm.primary_assembly.fa : chr # 460  "KN150212.1" chrStart: 1463025664
Danio_rerio.GRCz11.dna_sm.primary_assembly.fa : chr # 461  "KN150195.1" chrStart: 1463287808
Danio_rerio.GRCz11.dna_sm.primary_assembly.fa : chr # 462  "KN150308.1" chrStart: 1463549952
Danio_rerio.GRCz11.dna_sm.primary_assembly.fa : chr # 463  "KN150157.1" chrStart: 1463812096
Danio_rerio.GRCz11.dna_sm.primary_assembly.fa : chr # 464  "KN150115.1" chrStart: 1464074240
Danio_rerio.GRCz11.dna_sm.primary_assembly.fa : chr # 465  "KN150301.1" chrStart: 1464336384
Danio_rerio.GRCz11.dna_sm.primary_assembly.fa : chr # 466  "KN148869.2" chrStart: 1464598528
Danio_rerio.GRCz11.dna_sm.primary_assembly.fa : chr # 467  "KN150234.1" chrStart: 1464860672
Danio_rerio.GRCz11.dna_sm.primary_assembly.fa : chr # 468  "KN150574.1" chrStart: 1465122816
Danio_rerio.GRCz11.dna_sm.primary_assembly.fa : chr # 469  "KN150368.1" chrStart: 1465384960
Danio_rerio.GRCz11.dna_sm.primary_assembly.fa : chr # 470  "KN150454.1" chrStart: 1465647104
Danio_rerio.GRCz11.dna_sm.primary_assembly.fa : chr # 471  "KN150654.1" chrStart: 1465909248
Danio_rerio.GRCz11.dna_sm.primary_assembly.fa : chr # 472  "KN150248.1" chrStart: 1466171392
Danio_rerio.GRCz11.dna_sm.primary_assembly.fa : chr # 473  "KN150290.1" chrStart: 1466433536
Danio_rerio.GRCz11.dna_sm.primary_assembly.fa : chr # 474  "KN149914.1" chrStart: 1466695680
Danio_rerio.GRCz11.dna_sm.primary_assembly.fa : chr # 475  "KZ115972.1" chrStart: 1466957824
Danio_rerio.GRCz11.dna_sm.primary_assembly.fa : chr # 476  "KN150404.1" chrStart: 1467219968
Danio_rerio.GRCz11.dna_sm.primary_assembly.fa : chr # 477  "KN150323.1" chrStart: 1467482112
Danio_rerio.GRCz11.dna_sm.primary_assembly.fa : chr # 478  "KN150284.1" chrStart: 1467744256
Danio_rerio.GRCz11.dna_sm.primary_assembly.fa : chr # 479  "KN150652.1" chrStart: 1468006400
Danio_rerio.GRCz11.dna_sm.primary_assembly.fa : chr # 480  "KN149762.1" chrStart: 1468268544
Danio_rerio.GRCz11.dna_sm.primary_assembly.fa : chr # 481  "KN150536.1" chrStart: 1468530688
Danio_rerio.GRCz11.dna_sm.primary_assembly.fa : chr # 482  "KN149983.1" chrStart: 1468792832
Danio_rerio.GRCz11.dna_sm.primary_assembly.fa : chr # 483  "KZ115994.1" chrStart: 1469054976
Danio_rerio.GRCz11.dna_sm.primary_assembly.fa : chr # 484  "KN150160.1" chrStart: 1469317120
Danio_rerio.GRCz11.dna_sm.primary_assembly.fa : chr # 485  "KN150662.1" chrStart: 1469579264
Danio_rerio.GRCz11.dna_sm.primary_assembly.fa : chr # 486  "KN150436.1" chrStart: 1469841408
Danio_rerio.GRCz11.dna_sm.primary_assembly.fa : chr # 487  "KN150009.1" chrStart: 1470103552
Danio_rerio.GRCz11.dna_sm.primary_assembly.fa : chr # 488  "KN150564.1" chrStart: 1470365696
Danio_rerio.GRCz11.dna_sm.primary_assembly.fa : chr # 489  "KZ115993.1" chrStart: 1470627840
Danio_rerio.GRCz11.dna_sm.primary_assembly.fa : chr # 490  "KN150429.1" chrStart: 1470889984
Danio_rerio.GRCz11.dna_sm.primary_assembly.fa : chr # 491  "KN149768.1" chrStart: 1471152128
Danio_rerio.GRCz11.dna_sm.primary_assembly.fa : chr # 492  "KN150534.1" chrStart: 1471414272
Danio_rerio.GRCz11.dna_sm.primary_assembly.fa : chr # 493  "KN150549.1" chrStart: 1471676416
Danio_rerio.GRCz11.dna_sm.primary_assembly.fa : chr # 494  "KN148038.2" chrStart: 1471938560
Danio_rerio.GRCz11.dna_sm.primary_assembly.fa : chr # 495  "KN150488.1" chrStart: 1472200704
Danio_rerio.GRCz11.dna_sm.primary_assembly.fa : chr # 496  "KN150545.1" chrStart: 1472462848
Danio_rerio.GRCz11.dna_sm.primary_assembly.fa : chr # 497  "KN150475.1" chrStart: 1472724992
Danio_rerio.GRCz11.dna_sm.primary_assembly.fa : chr # 498  "KN149970.1" chrStart: 1472987136
Danio_rerio.GRCz11.dna_sm.primary_assembly.fa : chr # 499  "KN150458.1" chrStart: 1473249280
Danio_rerio.GRCz11.dna_sm.primary_assembly.fa : chr # 500  "KN150002.1" chrStart: 1473511424
Danio_rerio.GRCz11.dna_sm.primary_assembly.fa : chr # 501  "KN150328.1" chrStart: 1473773568
Danio_rerio.GRCz11.dna_sm.primary_assembly.fa : chr # 502  "KN149860.1" chrStart: 1474035712
Danio_rerio.GRCz11.dna_sm.primary_assembly.fa : chr # 503  "KN150586.1" chrStart: 1474297856
Danio_rerio.GRCz11.dna_sm.primary_assembly.fa : chr # 504  "KN149834.1" chrStart: 1474560000
Danio_rerio.GRCz11.dna_sm.primary_assembly.fa : chr # 505  "KN150483.1" chrStart: 1474822144
Danio_rerio.GRCz11.dna_sm.primary_assembly.fa : chr # 506  "KN150397.1" chrStart: 1475084288
Danio_rerio.GRCz11.dna_sm.primary_assembly.fa : chr # 507  "KN150312.1" chrStart: 1475346432
Danio_rerio.GRCz11.dna_sm.primary_assembly.fa : chr # 508  "KN149791.1" chrStart: 1475608576
Danio_rerio.GRCz11.dna_sm.primary_assembly.fa : chr # 509  "KZ116008.1" chrStart: 1475870720
Danio_rerio.GRCz11.dna_sm.primary_assembly.fa : chr # 510  "KZ116021.1" chrStart: 1476132864
Danio_rerio.GRCz11.dna_sm.primary_assembly.fa : chr # 511  "KN150406.1" chrStart: 1476395008
Danio_rerio.GRCz11.dna_sm.primary_assembly.fa : chr # 512  "KN150362.1" chrStart: 1476657152
Danio_rerio.GRCz11.dna_sm.primary_assembly.fa : chr # 513  "KN150394.1" chrStart: 1476919296
Danio_rerio.GRCz11.dna_sm.primary_assembly.fa : chr # 514  "KN150141.1" chrStart: 1477181440
Danio_rerio.GRCz11.dna_sm.primary_assembly.fa : chr # 515  "KN149888.1" chrStart: 1477443584
Danio_rerio.GRCz11.dna_sm.primary_assembly.fa : chr # 516  "KN150228.1" chrStart: 1477705728
Danio_rerio.GRCz11.dna_sm.primary_assembly.fa : chr # 517  "KN150345.1" chrStart: 1477967872
Danio_rerio.GRCz11.dna_sm.primary_assembly.fa : chr # 518  "KN150264.1" chrStart: 1478230016
Danio_rerio.GRCz11.dna_sm.primary_assembly.fa : chr # 519  "KN149993.1" chrStart: 1478492160
Danio_rerio.GRCz11.dna_sm.primary_assembly.fa : chr # 520  "KN150683.1" chrStart: 1478754304
Danio_rerio.GRCz11.dna_sm.primary_assembly.fa : chr # 521  "KN149978.1" chrStart: 1479016448
Danio_rerio.GRCz11.dna_sm.primary_assembly.fa : chr # 522  "KN150219.1" chrStart: 1479278592
Danio_rerio.GRCz11.dna_sm.primary_assembly.fa : chr # 523  "KN150059.1" chrStart: 1479540736
Danio_rerio.GRCz11.dna_sm.primary_assembly.fa : chr # 524  "KN150199.1" chrStart: 1479802880
Danio_rerio.GRCz11.dna_sm.primary_assembly.fa : chr # 525  "KN150571.1" chrStart: 1480065024
Danio_rerio.GRCz11.dna_sm.primary_assembly.fa : chr # 526  "KN149913.1" chrStart: 1480327168
Danio_rerio.GRCz11.dna_sm.primary_assembly.fa : chr # 527  "KZ116053.1" chrStart: 1480589312
Danio_rerio.GRCz11.dna_sm.primary_assembly.fa : chr # 528  "KN150430.1" chrStart: 1480851456
Danio_rerio.GRCz11.dna_sm.primary_assembly.fa : chr # 529  "KN150211.1" chrStart: 1481113600
Danio_rerio.GRCz11.dna_sm.primary_assembly.fa : chr # 530  "KN150184.1" chrStart: 1481375744
Danio_rerio.GRCz11.dna_sm.primary_assembly.fa : chr # 531  "KN149747.1" chrStart: 1481637888
Danio_rerio.GRCz11.dna_sm.primary_assembly.fa : chr # 532  "KN150517.1" chrStart: 1481900032
Danio_rerio.GRCz11.dna_sm.primary_assembly.fa : chr # 533  "KZ115958.1" chrStart: 1482162176
Danio_rerio.GRCz11.dna_sm.primary_assembly.fa : chr # 534  "KN149757.1" chrStart: 1482424320
Danio_rerio.GRCz11.dna_sm.primary_assembly.fa : chr # 535  "KN150054.1" chrStart: 1482686464
Danio_rerio.GRCz11.dna_sm.primary_assembly.fa : chr # 536  "KN150213.1" chrStart: 1482948608
Danio_rerio.GRCz11.dna_sm.primary_assembly.fa : chr # 537  "KN149936.1" chrStart: 1483210752
Danio_rerio.GRCz11.dna_sm.primary_assembly.fa : chr # 538  "KN149732.1" chrStart: 1483472896
Danio_rerio.GRCz11.dna_sm.primary_assembly.fa : chr # 539  "KN150634.1" chrStart: 1483735040
Danio_rerio.GRCz11.dna_sm.primary_assembly.fa : chr # 540  "KN149803.1" chrStart: 1483997184
Danio_rerio.GRCz11.dna_sm.primary_assembly.fa : chr # 541  "KN150052.1" chrStart: 1484259328
Danio_rerio.GRCz11.dna_sm.primary_assembly.fa : chr # 542  "KN149751.1" chrStart: 1484521472
Danio_rerio.GRCz11.dna_sm.primary_assembly.fa : chr # 543  "KN150622.1" chrStart: 1484783616
Danio_rerio.GRCz11.dna_sm.primary_assembly.fa : chr # 544  "KN150319.1" chrStart: 1485045760
Danio_rerio.GRCz11.dna_sm.primary_assembly.fa : chr # 545  "KN150311.1" chrStart: 1485307904
Danio_rerio.GRCz11.dna_sm.primary_assembly.fa : chr # 546  "KN150613.1" chrStart: 1485570048
Danio_rerio.GRCz11.dna_sm.primary_assembly.fa : chr # 547  "KN150360.1" chrStart: 1485832192
Danio_rerio.GRCz11.dna_sm.primary_assembly.fa : chr # 548  "KN150008.1" chrStart: 1486094336
Danio_rerio.GRCz11.dna_sm.primary_assembly.fa : chr # 549  "KN150526.1" chrStart: 1486356480
Danio_rerio.GRCz11.dna_sm.primary_assembly.fa : chr # 550  "KN150202.1" chrStart: 1486618624
Danio_rerio.GRCz11.dna_sm.primary_assembly.fa : chr # 551  "KN150246.1" chrStart: 1486880768
Danio_rerio.GRCz11.dna_sm.primary_assembly.fa : chr # 552  "KN150218.1" chrStart: 1487142912
Danio_rerio.GRCz11.dna_sm.primary_assembly.fa : chr # 553  "KN150669.1" chrStart: 1487405056
Danio_rerio.GRCz11.dna_sm.primary_assembly.fa : chr # 554  "KN150540.1" chrStart: 1487667200
Danio_rerio.GRCz11.dna_sm.primary_assembly.fa : chr # 555  "KN150268.1" chrStart: 1487929344
Danio_rerio.GRCz11.dna_sm.primary_assembly.fa : chr # 556  "KN150387.1" chrStart: 1488191488
Danio_rerio.GRCz11.dna_sm.primary_assembly.fa : chr # 557  "KN150682.1" chrStart: 1488453632
Danio_rerio.GRCz11.dna_sm.primary_assembly.fa : chr # 558  "KN149806.1" chrStart: 1488715776
Danio_rerio.GRCz11.dna_sm.primary_assembly.fa : chr # 559  "KZ116003.1" chrStart: 1488977920
Danio_rerio.GRCz11.dna_sm.primary_assembly.fa : chr # 560  "KZ116000.1" chrStart: 1489240064
Danio_rerio.GRCz11.dna_sm.primary_assembly.fa : chr # 561  "KN150364.1" chrStart: 1489502208
Danio_rerio.GRCz11.dna_sm.primary_assembly.fa : chr # 562  "KN150413.1" chrStart: 1489764352
Danio_rerio.GRCz11.dna_sm.primary_assembly.fa : chr # 563  "KN150422.1" chrStart: 1490026496
Danio_rerio.GRCz11.dna_sm.primary_assembly.fa : chr # 564  "KN149810.1" chrStart: 1490288640
Danio_rerio.GRCz11.dna_sm.primary_assembly.fa : chr # 565  "KN150144.1" chrStart: 1490550784
Danio_rerio.GRCz11.dna_sm.primary_assembly.fa : chr # 566  "KN150484.1" chrStart: 1490812928
Danio_rerio.GRCz11.dna_sm.primary_assembly.fa : chr # 567  "KN150071.1" chrStart: 1491075072
Danio_rerio.GRCz11.dna_sm.primary_assembly.fa : chr # 568  "KN150421.1" chrStart: 1491337216
Danio_rerio.GRCz11.dna_sm.primary_assembly.fa : chr # 569  "KN150647.1" chrStart: 1491599360
Danio_rerio.GRCz11.dna_sm.primary_assembly.fa : chr # 570  "KZ116020.1" chrStart: 1491861504
Danio_rerio.GRCz11.dna_sm.primary_assembly.fa : chr # 571  "KN150418.1" chrStart: 1492123648
Danio_rerio.GRCz11.dna_sm.primary_assembly.fa : chr # 572  "KN150451.1" chrStart: 1492385792
Danio_rerio.GRCz11.dna_sm.primary_assembly.fa : chr # 573  "KN150550.1" chrStart: 1492647936
Danio_rerio.GRCz11.dna_sm.primary_assembly.fa : chr # 574  "KN150317.1" chrStart: 1492910080
Danio_rerio.GRCz11.dna_sm.primary_assembly.fa : chr # 575  "KN149730.1" chrStart: 1493172224
Danio_rerio.GRCz11.dna_sm.primary_assembly.fa : chr # 576  "KN149761.1" chrStart: 1493434368
Danio_rerio.GRCz11.dna_sm.primary_assembly.fa : chr # 577  "KN149965.1" chrStart: 1493696512
Danio_rerio.GRCz11.dna_sm.primary_assembly.fa : chr # 578  "KN150641.1" chrStart: 1493958656
Danio_rerio.GRCz11.dna_sm.primary_assembly.fa : chr # 579  "KN149866.1" chrStart: 1494220800
Danio_rerio.GRCz11.dna_sm.primary_assembly.fa : chr # 580  "KN150093.1" chrStart: 1494482944
Danio_rerio.GRCz11.dna_sm.primary_assembly.fa : chr # 581  "KN149766.1" chrStart: 1494745088
Danio_rerio.GRCz11.dna_sm.primary_assembly.fa : chr # 582  "KZ116054.1" chrStart: 1495007232
Danio_rerio.GRCz11.dna_sm.primary_assembly.fa : chr # 583  "KN150469.1" chrStart: 1495269376
Danio_rerio.GRCz11.dna_sm.primary_assembly.fa : chr # 584  "KN150064.1" chrStart: 1495531520
Danio_rerio.GRCz11.dna_sm.primary_assembly.fa : chr # 585  "KN150472.1" chrStart: 1495793664
Danio_rerio.GRCz11.dna_sm.primary_assembly.fa : chr # 586  "KN150713.1" chrStart: 1496055808
Danio_rerio.GRCz11.dna_sm.primary_assembly.fa : chr # 587  "KN150092.1" chrStart: 1496317952
Danio_rerio.GRCz11.dna_sm.primary_assembly.fa : chr # 588  "KN150197.1" chrStart: 1496580096
Danio_rerio.GRCz11.dna_sm.primary_assembly.fa : chr # 589  "KN150076.1" chrStart: 1496842240
Danio_rerio.GRCz11.dna_sm.primary_assembly.fa : chr # 590  "KN150593.1" chrStart: 1497104384
Danio_rerio.GRCz11.dna_sm.primary_assembly.fa : chr # 591  "KN149861.1" chrStart: 1497366528
Danio_rerio.GRCz11.dna_sm.primary_assembly.fa : chr # 592  "KN150506.1" chrStart: 1497628672
Danio_rerio.GRCz11.dna_sm.primary_assembly.fa : chr # 593  "KZ116026.1" chrStart: 1497890816
Danio_rerio.GRCz11.dna_sm.primary_assembly.fa : chr # 594  "KN149928.1" chrStart: 1498152960
Danio_rerio.GRCz11.dna_sm.primary_assembly.fa : chr # 595  "KN150420.1" chrStart: 1498415104
Danio_rerio.GRCz11.dna_sm.primary_assembly.fa : chr # 596  "KZ116047.1" chrStart: 1498677248
Danio_rerio.GRCz11.dna_sm.primary_assembly.fa : chr # 597  "KN149771.1" chrStart: 1498939392
Danio_rerio.GRCz11.dna_sm.primary_assembly.fa : chr # 598  "KZ115986.1" chrStart: 1499201536
Danio_rerio.GRCz11.dna_sm.primary_assembly.fa : chr # 599  "KN150419.1" chrStart: 1499463680
Danio_rerio.GRCz11.dna_sm.primary_assembly.fa : chr # 600  "KN149937.1" chrStart: 1499725824
Danio_rerio.GRCz11.dna_sm.primary_assembly.fa : chr # 601  "KN150588.1" chrStart: 1499987968
Danio_rerio.GRCz11.dna_sm.primary_assembly.fa : chr # 602  "KZ115985.1" chrStart: 1500250112
Danio_rerio.GRCz11.dna_sm.primary_assembly.fa : chr # 603  "KN150382.1" chrStart: 1500512256
Danio_rerio.GRCz11.dna_sm.primary_assembly.fa : chr # 604  "KN149999.1" chrStart: 1500774400
Danio_rerio.GRCz11.dna_sm.primary_assembly.fa : chr # 605  "KN150070.1" chrStart: 1501036544
Danio_rerio.GRCz11.dna_sm.primary_assembly.fa : chr # 606  "KN150679.1" chrStart: 1501298688
Danio_rerio.GRCz11.dna_sm.primary_assembly.fa : chr # 607  "KN149905.1" chrStart: 1501560832
Danio_rerio.GRCz11.dna_sm.primary_assembly.fa : chr # 608  "KN150073.1" chrStart: 1501822976
Danio_rerio.GRCz11.dna_sm.primary_assembly.fa : chr # 609  "KN149897.1" chrStart: 1502085120
Danio_rerio.GRCz11.dna_sm.primary_assembly.fa : chr # 610  "KN149823.1" chrStart: 1502347264
Danio_rerio.GRCz11.dna_sm.primary_assembly.fa : chr # 611  "KN150553.1" chrStart: 1502609408
Danio_rerio.GRCz11.dna_sm.primary_assembly.fa : chr # 612  "KN150132.1" chrStart: 1502871552
Danio_rerio.GRCz11.dna_sm.primary_assembly.fa : chr # 613  "KN150283.1" chrStart: 1503133696
Danio_rerio.GRCz11.dna_sm.primary_assembly.fa : chr # 614  "KN149750.1" chrStart: 1503395840
Danio_rerio.GRCz11.dna_sm.primary_assembly.fa : chr # 615  "KN149703.1" chrStart: 1503657984
Danio_rerio.GRCz11.dna_sm.primary_assembly.fa : chr # 616  "KN150217.1" chrStart: 1503920128
Danio_rerio.GRCz11.dna_sm.primary_assembly.fa : chr # 617  "KN150371.1" chrStart: 1504182272
Danio_rerio.GRCz11.dna_sm.primary_assembly.fa : chr # 618  "KN150275.1" chrStart: 1504444416
Danio_rerio.GRCz11.dna_sm.primary_assembly.fa : chr # 619  "KZ116001.1" chrStart: 1504706560
Danio_rerio.GRCz11.dna_sm.primary_assembly.fa : chr # 620  "KN150577.1" chrStart: 1504968704
Danio_rerio.GRCz11.dna_sm.primary_assembly.fa : chr # 621  "KN149969.1" chrStart: 1505230848
Danio_rerio.GRCz11.dna_sm.primary_assembly.fa : chr # 622  "KN149899.1" chrStart: 1505492992
Danio_rerio.GRCz11.dna_sm.primary_assembly.fa : chr # 623  "KN150194.1" chrStart: 1505755136
Danio_rerio.GRCz11.dna_sm.primary_assembly.fa : chr # 624  "KN149941.1" chrStart: 1506017280
Danio_rerio.GRCz11.dna_sm.primary_assembly.fa : chr # 625  "KN150453.1" chrStart: 1506279424
Danio_rerio.GRCz11.dna_sm.primary_assembly.fa : chr # 626  "KN150014.1" chrStart: 1506541568
Danio_rerio.GRCz11.dna_sm.primary_assembly.fa : chr # 627  "KN150250.1" chrStart: 1506803712
Danio_rerio.GRCz11.dna_sm.primary_assembly.fa : chr # 628  "KN149827.1" chrStart: 1507065856
Danio_rerio.GRCz11.dna_sm.primary_assembly.fa : chr # 629  "KN150302.1" chrStart: 1507328000
Danio_rerio.GRCz11.dna_sm.primary_assembly.fa : chr # 630  "KN150671.1" chrStart: 1507590144
Danio_rerio.GRCz11.dna_sm.primary_assembly.fa : chr # 631  "KN150167.1" chrStart: 1507852288
Danio_rerio.GRCz11.dna_sm.primary_assembly.fa : chr # 632  "KN150174.1" chrStart: 1508114432
Danio_rerio.GRCz11.dna_sm.primary_assembly.fa : chr # 633  "KN149933.1" chrStart: 1508376576
Danio_rerio.GRCz11.dna_sm.primary_assembly.fa : chr # 634  "KN149722.1" chrStart: 1508638720
Danio_rerio.GRCz11.dna_sm.primary_assembly.fa : chr # 635  "KN150680.1" chrStart: 1508900864
Danio_rerio.GRCz11.dna_sm.primary_assembly.fa : chr # 636  "KN148828.2" chrStart: 1509163008
Danio_rerio.GRCz11.dna_sm.primary_assembly.fa : chr # 637  "KN150072.1" chrStart: 1509425152
Danio_rerio.GRCz11.dna_sm.primary_assembly.fa : chr # 638  "KN150685.1" chrStart: 1509687296
Danio_rerio.GRCz11.dna_sm.primary_assembly.fa : chr # 639  "KN149793.1" chrStart: 1509949440
Danio_rerio.GRCz11.dna_sm.primary_assembly.fa : chr # 640  "KN150329.1" chrStart: 1510211584
Danio_rerio.GRCz11.dna_sm.primary_assembly.fa : chr # 641  "KN150687.1" chrStart: 1510473728
Danio_rerio.GRCz11.dna_sm.primary_assembly.fa : chr # 642  "KN149772.1" chrStart: 1510735872
Danio_rerio.GRCz11.dna_sm.primary_assembly.fa : chr # 643  "KZ116037.1" chrStart: 1510998016
Danio_rerio.GRCz11.dna_sm.primary_assembly.fa : chr # 644  "KN150510.1" chrStart: 1511260160
Danio_rerio.GRCz11.dna_sm.primary_assembly.fa : chr # 645  "KN150528.1" chrStart: 1511522304
Danio_rerio.GRCz11.dna_sm.primary_assembly.fa : chr # 646  "KZ116006.1" chrStart: 1511784448
Danio_rerio.GRCz11.dna_sm.primary_assembly.fa : chr # 647  "KZ116042.1" chrStart: 1512046592
Danio_rerio.GRCz11.dna_sm.primary_assembly.fa : chr # 648  "KN150089.1" chrStart: 1512308736
Danio_rerio.GRCz11.dna_sm.primary_assembly.fa : chr # 649  "KN149896.1" chrStart: 1512570880
Danio_rerio.GRCz11.dna_sm.primary_assembly.fa : chr # 650  "KN150007.1" chrStart: 1512833024
Danio_rerio.GRCz11.dna_sm.primary_assembly.fa : chr # 651  "KN150004.2" chrStart: 1513095168
Danio_rerio.GRCz11.dna_sm.primary_assembly.fa : chr # 652  "KN150502.1" chrStart: 1513357312
Danio_rerio.GRCz11.dna_sm.primary_assembly.fa : chr # 653  "KN150491.1" chrStart: 1513619456
Danio_rerio.GRCz11.dna_sm.primary_assembly.fa : chr # 654  "KN149839.1" chrStart: 1513881600
Danio_rerio.GRCz11.dna_sm.primary_assembly.fa : chr # 655  "KZ116041.1" chrStart: 1514143744
Danio_rerio.GRCz11.dna_sm.primary_assembly.fa : chr # 656  "KN150011.1" chrStart: 1514405888
Danio_rerio.GRCz11.dna_sm.primary_assembly.fa : chr # 657  "KN149789.1" chrStart: 1514668032
Danio_rerio.GRCz11.dna_sm.primary_assembly.fa : chr # 658  "KN150276.1" chrStart: 1514930176
Danio_rerio.GRCz11.dna_sm.primary_assembly.fa : chr # 659  "KN149864.1" chrStart: 1515192320
Danio_rerio.GRCz11.dna_sm.primary_assembly.fa : chr # 660  "KN150081.1" chrStart: 1515454464
Danio_rerio.GRCz11.dna_sm.primary_assembly.fa : chr # 661  "KN149853.1" chrStart: 1515716608
Danio_rerio.GRCz11.dna_sm.primary_assembly.fa : chr # 662  "KN149981.1" chrStart: 1515978752
Danio_rerio.GRCz11.dna_sm.primary_assembly.fa : chr # 663  "KN149908.1" chrStart: 1516240896
Danio_rerio.GRCz11.dna_sm.primary_assembly.fa : chr # 664  "KN150257.1" chrStart: 1516503040
Danio_rerio.GRCz11.dna_sm.primary_assembly.fa : chr # 665  "KN150697.1" chrStart: 1516765184
Danio_rerio.GRCz11.dna_sm.primary_assembly.fa : chr # 666  "KZ115979.1" chrStart: 1517027328
Danio_rerio.GRCz11.dna_sm.primary_assembly.fa : chr # 667  "KN150161.1" chrStart: 1517289472
Danio_rerio.GRCz11.dna_sm.primary_assembly.fa : chr # 668  "KN150271.1" chrStart: 1517551616
Danio_rerio.GRCz11.dna_sm.primary_assembly.fa : chr # 669  "KN150193.1" chrStart: 1517813760
Danio_rerio.GRCz11.dna_sm.primary_assembly.fa : chr # 670  "KN150210.1" chrStart: 1518075904
Danio_rerio.GRCz11.dna_sm.primary_assembly.fa : chr # 671  "KN149922.1" chrStart: 1518338048
Danio_rerio.GRCz11.dna_sm.primary_assembly.fa : chr # 672  "KN149807.1" chrStart: 1518600192
Danio_rerio.GRCz11.dna_sm.primary_assembly.fa : chr # 673  "KN150595.1" chrStart: 1518862336
Danio_rerio.GRCz11.dna_sm.primary_assembly.fa : chr # 674  "KN150598.1" chrStart: 1519124480
Danio_rerio.GRCz11.dna_sm.primary_assembly.fa : chr # 675  "KN149832.1" chrStart: 1519386624
Danio_rerio.GRCz11.dna_sm.primary_assembly.fa : chr # 676  "KZ116039.1" chrStart: 1519648768
Danio_rerio.GRCz11.dna_sm.primary_assembly.fa : chr # 677  "KN150314.1" chrStart: 1519910912
Danio_rerio.GRCz11.dna_sm.primary_assembly.fa : chr # 678  "KN149938.1" chrStart: 1520173056
Danio_rerio.GRCz11.dna_sm.primary_assembly.fa : chr # 679  "KN150446.1" chrStart: 1520435200
Danio_rerio.GRCz11.dna_sm.primary_assembly.fa : chr # 680  "KN150441.1" chrStart: 1520697344
Danio_rerio.GRCz11.dna_sm.primary_assembly.fa : chr # 681  "KN149883.1" chrStart: 1520959488
Danio_rerio.GRCz11.dna_sm.primary_assembly.fa : chr # 682  "KN149805.1" chrStart: 1521221632
Danio_rerio.GRCz11.dna_sm.primary_assembly.fa : chr # 683  "KN150585.1" chrStart: 1521483776
Danio_rerio.GRCz11.dna_sm.primary_assembly.fa : chr # 684  "KN150029.1" chrStart: 1521745920
Danio_rerio.GRCz11.dna_sm.primary_assembly.fa : chr # 685  "KN150582.1" chrStart: 1522008064
Danio_rerio.GRCz11.dna_sm.primary_assembly.fa : chr # 686  "KN150581.1" chrStart: 1522270208
Danio_rerio.GRCz11.dna_sm.primary_assembly.fa : chr # 687  "KN149774.1" chrStart: 1522532352
Danio_rerio.GRCz11.dna_sm.primary_assembly.fa : chr # 688  "KN150541.1" chrStart: 1522794496
Danio_rerio.GRCz11.dna_sm.primary_assembly.fa : chr # 689  "KN150260.1" chrStart: 1523056640
Danio_rerio.GRCz11.dna_sm.primary_assembly.fa : chr # 690  "KN150333.1" chrStart: 1523318784
Danio_rerio.GRCz11.dna_sm.primary_assembly.fa : chr # 691  "KN150128.1" chrStart: 1523580928
Danio_rerio.GRCz11.dna_sm.primary_assembly.fa : chr # 692  "KN150249.1" chrStart: 1523843072
Danio_rerio.GRCz11.dna_sm.primary_assembly.fa : chr # 693  "KN150274.1" chrStart: 1524105216
Danio_rerio.GRCz11.dna_sm.primary_assembly.fa : chr # 694  "KN149872.1" chrStart: 1524367360
Danio_rerio.GRCz11.dna_sm.primary_assembly.fa : chr # 695  "KN150542.1" chrStart: 1524629504
Danio_rerio.GRCz11.dna_sm.primary_assembly.fa : chr # 696  "KN150380.1" chrStart: 1524891648
Danio_rerio.GRCz11.dna_sm.primary_assembly.fa : chr # 697  "KN150254.1" chrStart: 1525153792
Danio_rerio.GRCz11.dna_sm.primary_assembly.fa : chr # 698  "KN150538.1" chrStart: 1525415936
Danio_rerio.GRCz11.dna_sm.primary_assembly.fa : chr # 699  "KN150558.1" chrStart: 1525678080
Danio_rerio.GRCz11.dna_sm.primary_assembly.fa : chr # 700  "KZ115981.1" chrStart: 1525940224
Danio_rerio.GRCz11.dna_sm.primary_assembly.fa : chr # 701  "KN150078.1" chrStart: 1526202368
Danio_rerio.GRCz11.dna_sm.primary_assembly.fa : chr # 702  "KN149851.1" chrStart: 1526464512
Danio_rerio.GRCz11.dna_sm.primary_assembly.fa : chr # 703  "KN150504.1" chrStart: 1526726656
Danio_rerio.GRCz11.dna_sm.primary_assembly.fa : chr # 704  "KN150393.1" chrStart: 1526988800
Danio_rerio.GRCz11.dna_sm.primary_assembly.fa : chr # 705  "KN150445.1" chrStart: 1527250944
Danio_rerio.GRCz11.dna_sm.primary_assembly.fa : chr # 706  "KN150392.1" chrStart: 1527513088
Danio_rerio.GRCz11.dna_sm.primary_assembly.fa : chr # 707  "KN150434.1" chrStart: 1527775232
Danio_rerio.GRCz11.dna_sm.primary_assembly.fa : chr # 708  "KN149770.1" chrStart: 1528037376
Danio_rerio.GRCz11.dna_sm.primary_assembly.fa : chr # 709  "KN150522.1" chrStart: 1528299520
Danio_rerio.GRCz11.dna_sm.primary_assembly.fa : chr # 710  "KN149890.1" chrStart: 1528561664
Danio_rerio.GRCz11.dna_sm.primary_assembly.fa : chr # 711  "KN150090.1" chrStart: 1528823808
Danio_rerio.GRCz11.dna_sm.primary_assembly.fa : chr # 712  "KN149995.1" chrStart: 1529085952
Danio_rerio.GRCz11.dna_sm.primary_assembly.fa : chr # 713  "KN150012.1" chrStart: 1529348096
Danio_rerio.GRCz11.dna_sm.primary_assembly.fa : chr # 714  "KN149862.1" chrStart: 1529610240
Danio_rerio.GRCz11.dna_sm.primary_assembly.fa : chr # 715  "KN150519.1" chrStart: 1529872384
Danio_rerio.GRCz11.dna_sm.primary_assembly.fa : chr # 716  "KN149887.1" chrStart: 1530134528
Danio_rerio.GRCz11.dna_sm.primary_assembly.fa : chr # 717  "KN149863.1" chrStart: 1530396672
Danio_rerio.GRCz11.dna_sm.primary_assembly.fa : chr # 718  "KN149927.1" chrStart: 1530658816
Danio_rerio.GRCz11.dna_sm.primary_assembly.fa : chr # 719  "KN150665.1" chrStart: 1530920960
Danio_rerio.GRCz11.dna_sm.primary_assembly.fa : chr # 720  "KN149755.1" chrStart: 1531183104
Danio_rerio.GRCz11.dna_sm.primary_assembly.fa : chr # 721  "KN150711.1" chrStart: 1531445248
Danio_rerio.GRCz11.dna_sm.primary_assembly.fa : chr # 722  "KN150020.1" chrStart: 1531707392
Danio_rerio.GRCz11.dna_sm.primary_assembly.fa : chr # 723  "KN149879.1" chrStart: 1531969536
Danio_rerio.GRCz11.dna_sm.primary_assembly.fa : chr # 724  "KN149783.1" chrStart: 1532231680
Danio_rerio.GRCz11.dna_sm.primary_assembly.fa : chr # 725  "KN149940.1" chrStart: 1532493824
Danio_rerio.GRCz11.dna_sm.primary_assembly.fa : chr # 726  "KN149976.1" chrStart: 1532755968
Danio_rerio.GRCz11.dna_sm.primary_assembly.fa : chr # 727  "KN150287.1" chrStart: 1533018112
Danio_rerio.GRCz11.dna_sm.primary_assembly.fa : chr # 728  "KN149724.1" chrStart: 1533280256
Danio_rerio.GRCz11.dna_sm.primary_assembly.fa : chr # 729  "KN150509.1" chrStart: 1533542400
Danio_rerio.GRCz11.dna_sm.primary_assembly.fa : chr # 730  "KN150499.1" chrStart: 1533804544
Danio_rerio.GRCz11.dna_sm.primary_assembly.fa : chr # 731  "KN150443.1" chrStart: 1534066688
Danio_rerio.GRCz11.dna_sm.primary_assembly.fa : chr # 732  "KN150444.1" chrStart: 1534328832
Danio_rerio.GRCz11.dna_sm.primary_assembly.fa : chr # 733  "KN150659.1" chrStart: 1534590976
Danio_rerio.GRCz11.dna_sm.primary_assembly.fa : chr # 734  "KN149756.1" chrStart: 1534853120
Danio_rerio.GRCz11.dna_sm.primary_assembly.fa : chr # 735  "KN150182.1" chrStart: 1535115264
Danio_rerio.GRCz11.dna_sm.primary_assembly.fa : chr # 736  "KN150097.1" chrStart: 1535377408
Danio_rerio.GRCz11.dna_sm.primary_assembly.fa : chr # 737  "KN150632.1" chrStart: 1535639552
Danio_rerio.GRCz11.dna_sm.primary_assembly.fa : chr # 738  "KN149711.1" chrStart: 1535901696
Danio_rerio.GRCz11.dna_sm.primary_assembly.fa : chr # 739  "KN150369.1" chrStart: 1536163840
Danio_rerio.GRCz11.dna_sm.primary_assembly.fa : chr # 740  "KZ115980.1" chrStart: 1536425984
Danio_rerio.GRCz11.dna_sm.primary_assembly.fa : chr # 741  "KN149828.1" chrStart: 1536688128
Danio_rerio.GRCz11.dna_sm.primary_assembly.fa : chr # 742  "KN150279.1" chrStart: 1536950272
Danio_rerio.GRCz11.dna_sm.primary_assembly.fa : chr # 743  "KN150190.1" chrStart: 1537212416
Danio_rerio.GRCz11.dna_sm.primary_assembly.fa : chr # 744  "KZ115989.1" chrStart: 1537474560
Danio_rerio.GRCz11.dna_sm.primary_assembly.fa : chr # 745  "KN149903.1" chrStart: 1537736704
Danio_rerio.GRCz11.dna_sm.primary_assembly.fa : chr # 746  "KN150164.1" chrStart: 1537998848
Danio_rerio.GRCz11.dna_sm.primary_assembly.fa : chr # 747  "KN149876.1" chrStart: 1538260992
Danio_rerio.GRCz11.dna_sm.primary_assembly.fa : chr # 748  "KN149971.1" chrStart: 1538523136
Danio_rerio.GRCz11.dna_sm.primary_assembly.fa : chr # 749  "KN149792.1" chrStart: 1538785280
Danio_rerio.GRCz11.dna_sm.primary_assembly.fa : chr # 750  "KN150467.1" chrStart: 1539047424
Danio_rerio.GRCz11.dna_sm.primary_assembly.fa : chr # 751  "KN150601.1" chrStart: 1539309568
Danio_rerio.GRCz11.dna_sm.primary_assembly.fa : chr # 752  "KZ115950.1" chrStart: 1539571712
Danio_rerio.GRCz11.dna_sm.primary_assembly.fa : chr # 753  "KN149817.1" chrStart: 1539833856
Danio_rerio.GRCz11.dna_sm.primary_assembly.fa : chr # 754  "KZ115969.1" chrStart: 1540096000
Danio_rerio.GRCz11.dna_sm.primary_assembly.fa : chr # 755  "KN150575.1" chrStart: 1540358144
Danio_rerio.GRCz11.dna_sm.primary_assembly.fa : chr # 756  "KZ116007.1" chrStart: 1540620288
Danio_rerio.GRCz11.dna_sm.primary_assembly.fa : chr # 757  "KN149977.2" chrStart: 1540882432
Danio_rerio.GRCz11.dna_sm.primary_assembly.fa : chr # 758  "KZ115956.1" chrStart: 1541144576
Danio_rerio.GRCz11.dna_sm.primary_assembly.fa : chr # 759  "KN149900.1" chrStart: 1541406720
Danio_rerio.GRCz11.dna_sm.primary_assembly.fa : chr # 760  "KZ116018.1" chrStart: 1541668864
Danio_rerio.GRCz11.dna_sm.primary_assembly.fa : chr # 761  "KZ115971.1" chrStart: 1541931008
Danio_rerio.GRCz11.dna_sm.primary_assembly.fa : chr # 762  "KN150162.1" chrStart: 1542193152
Danio_rerio.GRCz11.dna_sm.primary_assembly.fa : chr # 763  "KN149746.1" chrStart: 1542455296
Danio_rerio.GRCz11.dna_sm.primary_assembly.fa : chr # 764  "KN150546.1" chrStart: 1542717440
Danio_rerio.GRCz11.dna_sm.primary_assembly.fa : chr # 765  "KN150365.1" chrStart: 1542979584
Danio_rerio.GRCz11.dna_sm.primary_assembly.fa : chr # 766  "KN150057.1" chrStart: 1543241728
Danio_rerio.GRCz11.dna_sm.primary_assembly.fa : chr # 767  "KN149881.1" chrStart: 1543503872
Danio_rerio.GRCz11.dna_sm.primary_assembly.fa : chr # 768  "KZ115966.1" chrStart: 1543766016
Danio_rerio.GRCz11.dna_sm.primary_assembly.fa : chr # 769  "KZ115983.1" chrStart: 1544028160
Danio_rerio.GRCz11.dna_sm.primary_assembly.fa : chr # 770  "KN149738.1" chrStart: 1544290304
Danio_rerio.GRCz11.dna_sm.primary_assembly.fa : chr # 771  "KZ116056.1" chrStart: 1544552448
Danio_rerio.GRCz11.dna_sm.primary_assembly.fa : chr # 772  "KN150610.1" chrStart: 1544814592
Danio_rerio.GRCz11.dna_sm.primary_assembly.fa : chr # 773  "KN150006.1" chrStart: 1545076736
Danio_rerio.GRCz11.dna_sm.primary_assembly.fa : chr # 774  "KN149901.1" chrStart: 1545338880
Danio_rerio.GRCz11.dna_sm.primary_assembly.fa : chr # 775  "KN150280.1" chrStart: 1545601024
Danio_rerio.GRCz11.dna_sm.primary_assembly.fa : chr # 776  "KZ115960.1" chrStart: 1545863168
Danio_rerio.GRCz11.dna_sm.primary_assembly.fa : chr # 777  "KN149915.1" chrStart: 1546125312
Danio_rerio.GRCz11.dna_sm.primary_assembly.fa : chr # 778  "KN150045.2" chrStart: 1546387456
Danio_rerio.GRCz11.dna_sm.primary_assembly.fa : chr # 779  "KN150439.1" chrStart: 1546649600
Danio_rerio.GRCz11.dna_sm.primary_assembly.fa : chr # 780  "KN149848.1" chrStart: 1546911744
Danio_rerio.GRCz11.dna_sm.primary_assembly.fa : chr # 781  "KN150389.1" chrStart: 1547173888
Danio_rerio.GRCz11.dna_sm.primary_assembly.fa : chr # 782  "KN150155.1" chrStart: 1547436032
Danio_rerio.GRCz11.dna_sm.primary_assembly.fa : chr # 783  "KN150296.1" chrStart: 1547698176
Danio_rerio.GRCz11.dna_sm.primary_assembly.fa : chr # 784  "KN150513.1" chrStart: 1547960320
Danio_rerio.GRCz11.dna_sm.primary_assembly.fa : chr # 785  "KN149720.1" chrStart: 1548222464
Danio_rerio.GRCz11.dna_sm.primary_assembly.fa : chr # 786  "KN149819.1" chrStart: 1548484608
Danio_rerio.GRCz11.dna_sm.primary_assembly.fa : chr # 787  "KN149844.1" chrStart: 1548746752
Danio_rerio.GRCz11.dna_sm.primary_assembly.fa : chr # 788  "KN149889.1" chrStart: 1549008896
Danio_rerio.GRCz11.dna_sm.primary_assembly.fa : chr # 789  "KN149804.1" chrStart: 1549271040
Danio_rerio.GRCz11.dna_sm.primary_assembly.fa : chr # 790  "KN149857.1" chrStart: 1549533184
Danio_rerio.GRCz11.dna_sm.primary_assembly.fa : chr # 791  "KN149816.1" chrStart: 1549795328
Danio_rerio.GRCz11.dna_sm.primary_assembly.fa : chr # 792  "KN150494.1" chrStart: 1550057472
Danio_rerio.GRCz11.dna_sm.primary_assembly.fa : chr # 793  "KN149713.1" chrStart: 1550319616
Danio_rerio.GRCz11.dna_sm.primary_assembly.fa : chr # 794  "KN149841.1" chrStart: 1550581760
Danio_rerio.GRCz11.dna_sm.primary_assembly.fa : chr # 795  "KN150401.1" chrStart: 1550843904
Danio_rerio.GRCz11.dna_sm.primary_assembly.fa : chr # 796  "KN150366.1" chrStart: 1551106048
Danio_rerio.GRCz11.dna_sm.primary_assembly.fa : chr # 797  "KZ116015.1" chrStart: 1551368192
Danio_rerio.GRCz11.dna_sm.primary_assembly.fa : chr # 798  "KN150292.1" chrStart: 1551630336
Danio_rerio.GRCz11.dna_sm.primary_assembly.fa : chr # 799  "KN150145.1" chrStart: 1551892480
Danio_rerio.GRCz11.dna_sm.primary_assembly.fa : chr # 800  "KN150358.1" chrStart: 1552154624
Danio_rerio.GRCz11.dna_sm.primary_assembly.fa : chr # 801  "KN149988.1" chrStart: 1552416768
Danio_rerio.GRCz11.dna_sm.primary_assembly.fa : chr # 802  "KN150555.1" chrStart: 1552678912
Danio_rerio.GRCz11.dna_sm.primary_assembly.fa : chr # 803  "KN150130.1" chrStart: 1552941056
Danio_rerio.GRCz11.dna_sm.primary_assembly.fa : chr # 804  "KN150615.1" chrStart: 1553203200
Danio_rerio.GRCz11.dna_sm.primary_assembly.fa : chr # 805  "KN149991.1" chrStart: 1553465344
Danio_rerio.GRCz11.dna_sm.primary_assembly.fa : chr # 806  "KN149907.1" chrStart: 1553727488
Danio_rerio.GRCz11.dna_sm.primary_assembly.fa : chr # 807  "KN150065.1" chrStart: 1553989632
Danio_rerio.GRCz11.dna_sm.primary_assembly.fa : chr # 808  "KN150110.1" chrStart: 1554251776
Danio_rerio.GRCz11.dna_sm.primary_assembly.fa : chr # 809  "KN150395.1" chrStart: 1554513920
Danio_rerio.GRCz11.dna_sm.primary_assembly.fa : chr # 810  "KN150150.1" chrStart: 1554776064
Danio_rerio.GRCz11.dna_sm.primary_assembly.fa : chr # 811  "KN150374.1" chrStart: 1555038208
Danio_rerio.GRCz11.dna_sm.primary_assembly.fa : chr # 812  "KN150146.1" chrStart: 1555300352
Danio_rerio.GRCz11.dna_sm.primary_assembly.fa : chr # 813  "KN150412.1" chrStart: 1555562496
Danio_rerio.GRCz11.dna_sm.primary_assembly.fa : chr # 814  "KN150664.1" chrStart: 1555824640
Danio_rerio.GRCz11.dna_sm.primary_assembly.fa : chr # 815  "KN150607.1" chrStart: 1556086784
Danio_rerio.GRCz11.dna_sm.primary_assembly.fa : chr # 816  "KZ116002.1" chrStart: 1556348928
Danio_rerio.GRCz11.dna_sm.primary_assembly.fa : chr # 817  "KN149758.1" chrStart: 1556611072
Danio_rerio.GRCz11.dna_sm.primary_assembly.fa : chr # 818  "KZ116012.1" chrStart: 1556873216
Danio_rerio.GRCz11.dna_sm.primary_assembly.fa : chr # 819  "KN150300.1" chrStart: 1557135360
Danio_rerio.GRCz11.dna_sm.primary_assembly.fa : chr # 820  "KN150201.1" chrStart: 1557397504
Danio_rerio.GRCz11.dna_sm.primary_assembly.fa : chr # 821  "KN150238.1" chrStart: 1557659648
Danio_rerio.GRCz11.dna_sm.primary_assembly.fa : chr # 822  "KN149728.1" chrStart: 1557921792
Danio_rerio.GRCz11.dna_sm.primary_assembly.fa : chr # 823  "KN150551.1" chrStart: 1558183936
Danio_rerio.GRCz11.dna_sm.primary_assembly.fa : chr # 824  "KN150152.1" chrStart: 1558446080
Danio_rerio.GRCz11.dna_sm.primary_assembly.fa : chr # 825  "KZ115962.1" chrStart: 1558708224
Danio_rerio.GRCz11.dna_sm.primary_assembly.fa : chr # 826  "KN150556.1" chrStart: 1558970368
Danio_rerio.GRCz11.dna_sm.primary_assembly.fa : chr # 827  "KN150554.1" chrStart: 1559232512
Danio_rerio.GRCz11.dna_sm.primary_assembly.fa : chr # 828  "KN150350.1" chrStart: 1559494656
Danio_rerio.GRCz11.dna_sm.primary_assembly.fa : chr # 829  "KN150100.1" chrStart: 1559756800
Danio_rerio.GRCz11.dna_sm.primary_assembly.fa : chr # 830  "KN149960.1" chrStart: 1560018944
Danio_rerio.GRCz11.dna_sm.primary_assembly.fa : chr # 831  "KN149935.1" chrStart: 1560281088
Danio_rerio.GRCz11.dna_sm.primary_assembly.fa : chr # 832  "KN150095.1" chrStart: 1560543232
Danio_rerio.GRCz11.dna_sm.primary_assembly.fa : chr # 833  "KN150307.1" chrStart: 1560805376
Danio_rerio.GRCz11.dna_sm.primary_assembly.fa : chr # 834  "KN150044.1" chrStart: 1561067520
Danio_rerio.GRCz11.dna_sm.primary_assembly.fa : chr # 835  "KZ115998.1" chrStart: 1561329664
Danio_rerio.GRCz11.dna_sm.primary_assembly.fa : chr # 836  "KN150286.1" chrStart: 1561591808
Danio_rerio.GRCz11.dna_sm.primary_assembly.fa : chr # 837  "KN150614.1" chrStart: 1561853952
Danio_rerio.GRCz11.dna_sm.primary_assembly.fa : chr # 838  "KZ115999.1" chrStart: 1562116096
Danio_rerio.GRCz11.dna_sm.primary_assembly.fa : chr # 839  "KN150591.1" chrStart: 1562378240
Danio_rerio.GRCz11.dna_sm.primary_assembly.fa : chr # 840  "KN149788.1" chrStart: 1562640384
Danio_rerio.GRCz11.dna_sm.primary_assembly.fa : chr # 841  "KN150082.1" chrStart: 1562902528
Danio_rerio.GRCz11.dna_sm.primary_assembly.fa : chr # 842  "KN149811.1" chrStart: 1563164672
Danio_rerio.GRCz11.dna_sm.primary_assembly.fa : chr # 843  "KN150185.1" chrStart: 1563426816
Danio_rerio.GRCz11.dna_sm.primary_assembly.fa : chr # 844  "KZ115965.1" chrStart: 1563688960
Danio_rerio.GRCz11.dna_sm.primary_assembly.fa : chr # 845  "KN149967.1" chrStart: 1563951104
Danio_rerio.GRCz11.dna_sm.primary_assembly.fa : chr # 846  "KN150486.1" chrStart: 1564213248
Danio_rerio.GRCz11.dna_sm.primary_assembly.fa : chr # 847  "KZ116049.1" chrStart: 1564475392
Danio_rerio.GRCz11.dna_sm.primary_assembly.fa : chr # 848  "KN150013.1" chrStart: 1564737536
Danio_rerio.GRCz11.dna_sm.primary_assembly.fa : chr # 849  "KN150587.1" chrStart: 1564999680
Danio_rerio.GRCz11.dna_sm.primary_assembly.fa : chr # 850  "KN150121.1" chrStart: 1565261824
Danio_rerio.GRCz11.dna_sm.primary_assembly.fa : chr # 851  "KN150452.1" chrStart: 1565523968
Danio_rerio.GRCz11.dna_sm.primary_assembly.fa : chr # 852  "KN150396.1" chrStart: 1565786112
Danio_rerio.GRCz11.dna_sm.primary_assembly.fa : chr # 853  "KN149745.1" chrStart: 1566048256
Danio_rerio.GRCz11.dna_sm.primary_assembly.fa : chr # 854  "KN150655.1" chrStart: 1566310400
Danio_rerio.GRCz11.dna_sm.primary_assembly.fa : chr # 855  "KZ115990.1" chrStart: 1566572544
Danio_rerio.GRCz11.dna_sm.primary_assembly.fa : chr # 856  "KN149837.1" chrStart: 1566834688
Danio_rerio.GRCz11.dna_sm.primary_assembly.fa : chr # 857  "KN149980.1" chrStart: 1567096832
Danio_rerio.GRCz11.dna_sm.primary_assembly.fa : chr # 858  "KN150147.1" chrStart: 1567358976
Danio_rerio.GRCz11.dna_sm.primary_assembly.fa : chr # 859  "KZ115948.1" chrStart: 1567621120
Danio_rerio.GRCz11.dna_sm.primary_assembly.fa : chr # 860  "KZ116023.1" chrStart: 1567883264
Danio_rerio.GRCz11.dna_sm.primary_assembly.fa : chr # 861  "KZ116060.1" chrStart: 1568145408
Danio_rerio.GRCz11.dna_sm.primary_assembly.fa : chr # 862  "KN150094.1" chrStart: 1568407552
Danio_rerio.GRCz11.dna_sm.primary_assembly.fa : chr # 863  "KN150383.1" chrStart: 1568669696
Danio_rerio.GRCz11.dna_sm.primary_assembly.fa : chr # 864  "KZ115954.1" chrStart: 1568931840
Danio_rerio.GRCz11.dna_sm.primary_assembly.fa : chr # 865  "KN149882.1" chrStart: 1569193984
Danio_rerio.GRCz11.dna_sm.primary_assembly.fa : chr # 866  "KN150678.1" chrStart: 1569456128
Danio_rerio.GRCz11.dna_sm.primary_assembly.fa : chr # 867  "KN149878.1" chrStart: 1569718272
Danio_rerio.GRCz11.dna_sm.primary_assembly.fa : chr # 868  "KZ115968.1" chrStart: 1569980416
Danio_rerio.GRCz11.dna_sm.primary_assembly.fa : chr # 869  "KN149707.2" chrStart: 1570242560
Danio_rerio.GRCz11.dna_sm.primary_assembly.fa : chr # 870  "KN150485.1" chrStart: 1570504704
Danio_rerio.GRCz11.dna_sm.primary_assembly.fa : chr # 871  "KZ115973.1" chrStart: 1570766848
Danio_rerio.GRCz11.dna_sm.primary_assembly.fa : chr # 872  "KN150530.1" chrStart: 1571028992
Danio_rerio.GRCz11.dna_sm.primary_assembly.fa : chr # 873  "KZ116055.1" chrStart: 1571291136
Danio_rerio.GRCz11.dna_sm.primary_assembly.fa : chr # 874  "KZ116013.1" chrStart: 1571553280
Danio_rerio.GRCz11.dna_sm.primary_assembly.fa : chr # 875  "KZ116010.1" chrStart: 1571815424
Danio_rerio.GRCz11.dna_sm.primary_assembly.fa : chr # 876  "KZ116062.1" chrStart: 1572077568
Danio_rerio.GRCz11.dna_sm.primary_assembly.fa : chr # 877  "KZ115952.1" chrStart: 1572339712
Danio_rerio.GRCz11.dna_sm.primary_assembly.fa : chr # 878  "KN150355.1" chrStart: 1572601856
Danio_rerio.GRCz11.dna_sm.primary_assembly.fa : chr # 879  "KN149931.1" chrStart: 1572864000
Danio_rerio.GRCz11.dna_sm.primary_assembly.fa : chr # 880  "KZ116050.1" chrStart: 1573126144
Danio_rerio.GRCz11.dna_sm.primary_assembly.fa : chr # 881  "KN149854.1" chrStart: 1573388288
Danio_rerio.GRCz11.dna_sm.primary_assembly.fa : chr # 882  "KN149997.1" chrStart: 1573650432
Danio_rerio.GRCz11.dna_sm.primary_assembly.fa : chr # 883  "KN149950.1" chrStart: 1573912576
Danio_rerio.GRCz11.dna_sm.primary_assembly.fa : chr # 884  "KZ116032.1" chrStart: 1574174720
Danio_rerio.GRCz11.dna_sm.primary_assembly.fa : chr # 885  "KZ116046.1" chrStart: 1574436864
Danio_rerio.GRCz11.dna_sm.primary_assembly.fa : chr # 886  "KN149735.1" chrStart: 1574699008
Danio_rerio.GRCz11.dna_sm.primary_assembly.fa : chr # 887  "KN149729.1" chrStart: 1574961152
Danio_rerio.GRCz11.dna_sm.primary_assembly.fa : chr # 888  "KZ115963.1" chrStart: 1575223296
Danio_rerio.GRCz11.dna_sm.primary_assembly.fa : chr # 889  "KN149874.1" chrStart: 1575485440
Danio_rerio.GRCz11.dna_sm.primary_assembly.fa : chr # 890  "KZ116016.1" chrStart: 1575747584
Danio_rerio.GRCz11.dna_sm.primary_assembly.fa : chr # 891  "KZ115995.1" chrStart: 1576009728
Danio_rerio.GRCz11.dna_sm.primary_assembly.fa : chr # 892  "KZ115996.1" chrStart: 1576271872
Danio_rerio.GRCz11.dna_sm.primary_assembly.fa : chr # 893  "KN149951.1" chrStart: 1576534016
Danio_rerio.GRCz11.dna_sm.primary_assembly.fa : chr # 894  "KZ115970.1" chrStart: 1576796160
Danio_rerio.GRCz11.dna_sm.primary_assembly.fa : chr # 895  "KZ116057.1" chrStart: 1577058304
Danio_rerio.GRCz11.dna_sm.primary_assembly.fa : chr # 896  "KZ115978.1" chrStart: 1577320448
Danio_rerio.GRCz11.dna_sm.primary_assembly.fa : chr # 897  "KN149801.1" chrStart: 1577582592
Danio_rerio.GRCz11.dna_sm.primary_assembly.fa : chr # 898  "KN149916.1" chrStart: 1577844736
Danio_rerio.GRCz11.dna_sm.primary_assembly.fa : chr # 899  "KZ116058.1" chrStart: 1578106880
Danio_rerio.GRCz11.dna_sm.primary_assembly.fa : chr # 900  "KN150103.1" chrStart: 1578369024
Danio_rerio.GRCz11.dna_sm.primary_assembly.fa : chr # 901  "KZ116027.1" chrStart: 1578631168
Danio_rerio.GRCz11.dna_sm.primary_assembly.fa : chr # 902  "KZ115997.1" chrStart: 1578893312
Danio_rerio.GRCz11.dna_sm.primary_assembly.fa : chr # 903  "KZ116025.1" chrStart: 1579155456
Danio_rerio.GRCz11.dna_sm.primary_assembly.fa : chr # 904  "KN149917.1" chrStart: 1579417600
Danio_rerio.GRCz11.dna_sm.primary_assembly.fa : chr # 905  "KN149701.1" chrStart: 1579679744
Danio_rerio.GRCz11.dna_sm.primary_assembly.fa : chr # 906  "KZ115991.1" chrStart: 1579941888
Danio_rerio.GRCz11.dna_sm.primary_assembly.fa : chr # 907  "KN149926.1" chrStart: 1580204032
Danio_rerio.GRCz11.dna_sm.primary_assembly.fa : chr # 908  "KZ116030.1" chrStart: 1580466176
Danio_rerio.GRCz11.dna_sm.primary_assembly.fa : chr # 909  "KN150039.1" chrStart: 1580728320
Danio_rerio.GRCz11.dna_sm.primary_assembly.fa : chr # 910  "KN150112.1" chrStart: 1580990464
Danio_rerio.GRCz11.dna_sm.primary_assembly.fa : chr # 911  "KZ115976.1" chrStart: 1581252608
Danio_rerio.GRCz11.dna_sm.primary_assembly.fa : chr # 912  "KZ116028.1" chrStart: 1581514752
Danio_rerio.GRCz11.dna_sm.primary_assembly.fa : chr # 913  "KN150253.1" chrStart: 1581776896
Danio_rerio.GRCz11.dna_sm.primary_assembly.fa : chr # 914  "KZ116040.1" chrStart: 1582039040
Danio_rerio.GRCz11.dna_sm.primary_assembly.fa : chr # 915  "KZ115957.1" chrStart: 1582301184
Danio_rerio.GRCz11.dna_sm.primary_assembly.fa : chr # 916  "KN150650.1" chrStart: 1582563328
Danio_rerio.GRCz11.dna_sm.primary_assembly.fa : chr # 917  "KN150037.1" chrStart: 1582825472
Danio_rerio.GRCz11.dna_sm.primary_assembly.fa : chr # 918  "KZ116017.1" chrStart: 1583087616
Danio_rerio.GRCz11.dna_sm.primary_assembly.fa : chr # 919  "KN149742.1" chrStart: 1583349760
Danio_rerio.GRCz11.dna_sm.primary_assembly.fa : chr # 920  "KZ115955.1" chrStart: 1583611904
Danio_rerio.GRCz11.dna_sm.primary_assembly.fa : chr # 921  "KN150205.1" chrStart: 1583874048
Danio_rerio.GRCz11.dna_sm.primary_assembly.fa : chr # 922  "KZ116063.1" chrStart: 1584136192
Danio_rerio.GRCz11.dna_sm.primary_assembly.fa : chr # 923  "KN150318.1" chrStart: 1584398336
Danio_rerio.GRCz11.dna_sm.primary_assembly.fa : chr # 924  "KN149822.1" chrStart: 1584660480
Danio_rerio.GRCz11.dna_sm.primary_assembly.fa : chr # 925  "KZ116051.1" chrStart: 1584922624
Danio_rerio.GRCz11.dna_sm.primary_assembly.fa : chr # 926  "KN149824.1" chrStart: 1585184768
Danio_rerio.GRCz11.dna_sm.primary_assembly.fa : chr # 927  "KN150543.1" chrStart: 1585446912
Danio_rerio.GRCz11.dna_sm.primary_assembly.fa : chr # 928  "KN150231.1" chrStart: 1585709056
Danio_rerio.GRCz11.dna_sm.primary_assembly.fa : chr # 929  "KN150535.1" chrStart: 1585971200
Danio_rerio.GRCz11.dna_sm.primary_assembly.fa : chr # 930  "KZ115988.1" chrStart: 1586233344
Danio_rerio.GRCz11.dna_sm.primary_assembly.fa : chr # 931  "KN150560.1" chrStart: 1586495488
Danio_rerio.GRCz11.dna_sm.primary_assembly.fa : chr # 932  "KZ115984.1" chrStart: 1586757632
Danio_rerio.GRCz11.dna_sm.primary_assembly.fa : chr # 933  "KN150233.1" chrStart: 1587019776
Danio_rerio.GRCz11.dna_sm.primary_assembly.fa : chr # 934  "KZ115967.1" chrStart: 1587281920
Danio_rerio.GRCz11.dna_sm.primary_assembly.fa : chr # 935  "KZ115959.1" chrStart: 1587544064
Danio_rerio.GRCz11.dna_sm.primary_assembly.fa : chr # 936  "KN150206.1" chrStart: 1587806208
Danio_rerio.GRCz11.dna_sm.primary_assembly.fa : chr # 937  "KZ116045.1" chrStart: 1588068352
Danio_rerio.GRCz11.dna_sm.primary_assembly.fa : chr # 938  "KN150470.1" chrStart: 1588330496
Danio_rerio.GRCz11.dna_sm.primary_assembly.fa : chr # 939  "KZ116052.1" chrStart: 1588592640
Danio_rerio.GRCz11.dna_sm.primary_assembly.fa : chr # 940  "KN149809.1" chrStart: 1588854784
Danio_rerio.GRCz11.dna_sm.primary_assembly.fa : chr # 941  "KN150051.1" chrStart: 1589116928
Danio_rerio.GRCz11.dna_sm.primary_assembly.fa : chr # 942  "KN149798.1" chrStart: 1589379072
Danio_rerio.GRCz11.dna_sm.primary_assembly.fa : chr # 943  "KZ116005.1" chrStart: 1589641216
Danio_rerio.GRCz11.dna_sm.primary_assembly.fa : chr # 944  "KZ116022.1" chrStart: 1589903360
Danio_rerio.GRCz11.dna_sm.primary_assembly.fa : chr # 945  "KZ116036.1" chrStart: 1590165504
Danio_rerio.GRCz11.dna_sm.primary_assembly.fa : chr # 946  "KN150034.1" chrStart: 1590427648
Danio_rerio.GRCz11.dna_sm.primary_assembly.fa : chr # 947  "KN150583.1" chrStart: 1590689792
Danio_rerio.GRCz11.dna_sm.primary_assembly.fa : chr # 948  "KZ115977.1" chrStart: 1590951936
Danio_rerio.GRCz11.dna_sm.primary_assembly.fa : chr # 949  "KN149956.1" chrStart: 1591214080
Danio_rerio.GRCz11.dna_sm.primary_assembly.fa : chr # 950  "KN150180.1" chrStart: 1591476224
Danio_rerio.GRCz11.dna_sm.primary_assembly.fa : chr # 951  "KN150503.1" chrStart: 1591738368
Danio_rerio.GRCz11.dna_sm.primary_assembly.fa : chr # 952  "KZ115961.1" chrStart: 1592000512
Danio_rerio.GRCz11.dna_sm.primary_assembly.fa : chr # 953  "KN150515.1" chrStart: 1592262656
Danio_rerio.GRCz11.dna_sm.primary_assembly.fa : chr # 954  "KZ116035.1" chrStart: 1592524800
Danio_rerio.GRCz11.dna_sm.primary_assembly.fa : chr # 955  "KN150465.1" chrStart: 1592786944
Danio_rerio.GRCz11.dna_sm.primary_assembly.fa : chr # 956  "KN149786.1" chrStart: 1593049088
Danio_rerio.GRCz11.dna_sm.primary_assembly.fa : chr # 957  "KN150237.1" chrStart: 1593311232
Danio_rerio.GRCz11.dna_sm.primary_assembly.fa : chr # 958  "KN150024.1" chrStart: 1593573376
Danio_rerio.GRCz11.dna_sm.primary_assembly.fa : chr # 959  "KZ116061.1" chrStart: 1593835520
Danio_rerio.GRCz11.dna_sm.primary_assembly.fa : chr # 960  "KZ115975.1" chrStart: 1594097664
Danio_rerio.GRCz11.dna_sm.primary_assembly.fa : chr # 961  "KN150086.1" chrStart: 1594359808
Danio_rerio.GRCz11.dna_sm.primary_assembly.fa : chr # 962  "KN149785.1" chrStart: 1594621952
Danio_rerio.GRCz11.dna_sm.primary_assembly.fa : chr # 963  "KN149777.1" chrStart: 1594884096
Danio_rerio.GRCz11.dna_sm.primary_assembly.fa : chr # 964  "KZ116014.1" chrStart: 1595146240
Danio_rerio.GRCz11.dna_sm.primary_assembly.fa : chr # 965  "KN149867.1" chrStart: 1595408384
Danio_rerio.GRCz11.dna_sm.primary_assembly.fa : chr # 966  "KZ115951.1" chrStart: 1595670528
Danio_rerio.GRCz11.dna_sm.primary_assembly.fa : chr # 967  "KN150354.1" chrStart: 1595932672
Danio_rerio.GRCz11.dna_sm.primary_assembly.fa : chr # 968  "KZ116038.1" chrStart: 1596194816
Danio_rerio.GRCz11.dna_sm.primary_assembly.fa : chr # 969  "KZ116009.1" chrStart: 1596456960
Danio_rerio.GRCz11.dna_sm.primary_assembly.fa : chr # 970  "KZ116048.1" chrStart: 1596719104
Danio_rerio.GRCz11.dna_sm.primary_assembly.fa : chr # 971  "KN149885.1" chrStart: 1596981248
Danio_rerio.GRCz11.dna_sm.primary_assembly.fa : chr # 972  "KN150473.1" chrStart: 1597243392
Danio_rerio.GRCz11.dna_sm.primary_assembly.fa : chr # 973  "KZ115953.1" chrStart: 1597505536
Danio_rerio.GRCz11.dna_sm.primary_assembly.fa : chr # 974  "KN149740.1" chrStart: 1597767680
Danio_rerio.GRCz11.dna_sm.primary_assembly.fa : chr # 975  "KN150437.1" chrStart: 1598029824
Danio_rerio.GRCz11.dna_sm.primary_assembly.fa : chr # 976  "KN150229.1" chrStart: 1598291968
Danio_rerio.GRCz11.dna_sm.primary_assembly.fa : chr # 977  "KZ115992.1" chrStart: 1598554112
Danio_rerio.GRCz11.dna_sm.primary_assembly.fa : chr # 978  "KN150320.1" chrStart: 1598816256
Danio_rerio.GRCz11.dna_sm.primary_assembly.fa : chr # 979  "KN150215.1" chrStart: 1599078400
Danio_rerio.GRCz11.dna_sm.primary_assembly.fa : chr # 980  "KN150621.1" chrStart: 1599340544
Danio_rerio.GRCz11.dna_sm.primary_assembly.fa : chr # 981  "KN150544.1" chrStart: 1599602688
Danio_rerio.GRCz11.dna_sm.primary_assembly.fa : chr # 982  "KN150440.1" chrStart: 1599864832
Danio_rerio.GRCz11.dna_sm.primary_assembly.fa : chr # 983  "KN149873.1" chrStart: 1600126976
Danio_rerio.GRCz11.dna_sm.primary_assembly.fa : chr # 984  "KN150119.1" chrStart: 1600389120
Danio_rerio.GRCz11.dna_sm.primary_assembly.fa : chr # 985  "KN150338.1" chrStart: 1600651264
Danio_rerio.GRCz11.dna_sm.primary_assembly.fa : chr # 986  "KN150701.1" chrStart: 1600913408
Danio_rerio.GRCz11.dna_sm.primary_assembly.fa : chr # 987  "KN150623.1" chrStart: 1601175552
Danio_rerio.GRCz11.dna_sm.primary_assembly.fa : chr # 988  "KN149957.1" chrStart: 1601437696
Danio_rerio.GRCz11.dna_sm.primary_assembly.fa : chr # 989  "KN150018.1" chrStart: 1601699840
Danio_rerio.GRCz11.dna_sm.primary_assembly.fa : chr # 990  "KN150216.1" chrStart: 1601961984
Danio_rerio.GRCz11.dna_sm.primary_assembly.fa : chr # 991  "KN150481.1" chrStart: 1602224128
Danio_rerio.GRCz11.dna_sm.primary_assembly.fa : chr # 992  "KN150525.1" chrStart: 1602486272
Estimated genome size=1901748416   1602748416   299000000
GstrandBit=32
Number of SA indices: 2737560294
Jan 18 15:30:17 ... starting to sort Suffix Array. This may take a long time...
Number of chunks: 6;   chunks size limit: 4169172472 bytes
Jan 18 15:30:23 ... sorting Suffix Array chunks and saving them to disk...
Writing 4152432848 bytes into grcz11/SA_0 ; empty space on disk = 186318555181056 bytes ... done
Writing 4080615936 bytes into grcz11/SA_3 ; empty space on disk = 186293061558272 bytes ...Writing 4128907328 bytes into grcz11/SA_1 ; empty space on disk = 186293061558272 bytes ... done
 done
Writing 4137590920 bytes into grcz11/SA_2 ; empty space on disk = 186280944963584 bytes ... done
Writing 1295695968 bytes into grcz11/SA_5 ; empty space on disk = 186250084143104 bytes ... done
Writing 4105239352 bytes into grcz11/SA_4 ; empty space on disk = 186203783393280 bytes ... done
Jan 18 15:42:51 ... loading chunks from disk, packing SA...
Jan 18 15:43:18 ... finished generating suffix array
Jan 18 15:43:18 ... generating Suffix Array index
Jan 18 15:45:23 ... completed Suffix Array index
Jan 18 15:45:23 ..... processing annotations GTF
Processing pGe.sjdbGTFfile=Danio_rerio.GRCz11.105.gtf, found:
		59876 transcripts
		484123 exons (non-collapsed)
		255028 collapsed junctions
Jan 18 15:45:27 ..... finished GTF processing
Jan 18 15:45:27   Loaded database junctions from the GTF file: Danio_rerio.GRCz11.105.gtf: 255028 total junctions

WARNING: long repeat for junction # 15591 : 10 19596636 19597001; left shift = 255; right shift = 58
WARNING: long repeat for junction # 49260 : 14 2194821 2201680; left shift = 255; right shift = 67
WARNING: long repeat for junction # 58521 : 15 14827403 14851352; left shift = 68; right shift = 255
WARNING: long repeat for junction # 62261 : 15 29652210 29666695; left shift = 33; right shift = 255
WARNING: long repeat for junction # 130162 : 21 25216740 25219252; left shift = 255; right shift = 23
Jan 18 15:45:27   Finished preparing junctions
Jan 18 15:45:27 ..... inserting junctions into the genome indices
Jan 18 15:46:41   Finished SA search: number of new junctions=254945, old junctions=0
Jan 18 15:47:23   Finished sorting SA indicesL nInd=151894918
Genome size with junctions=1678976971  1602748416   76228555
GstrandBit1=32   GstrandBit=32
Jan 18 15:47:57   Finished inserting junction indices
Jan 18 15:48:19   Finished SAi
Jan 18 15:48:19 ..... finished inserting junctions into genome
Jan 18 15:48:19 ... writing Genome to disk ...
Writing 1678976971 bytes into grcz11/Genome ; empty space on disk = 186142380457984 bytes ... done
SA size in bytes: 11919002753
Jan 18 15:48:22 ... writing Suffix Array to disk ...
Writing 11919002753 bytes into grcz11/SA ; empty space on disk = 186141059379200 bytes ... done
Jan 18 15:48:43 ... writing SAindex to disk
Writing 8 bytes into grcz11/SAindex ; empty space on disk = 186119046742016 bytes ... done
Writing 120 bytes into grcz11/SAindex ; empty space on disk = 186119046742016 bytes ... done
Writing 1565873491 bytes into grcz11/SAindex ; empty space on disk = 186119046742016 bytes ... done
Jan 18 15:48:45 ..... finished successfully
DONE: Genome generation, EXITING
